[10-22 00:01:00 042 INFO ] [weixin_Worker-4] hofan.provider.TimingJob - ------开始执行定时器的一次心跳： 2015-10-22 00:01:00------
[10-22 00:01:00 291 INFO ] [weixin_Worker-4] hofan.provider.TimingJob - 当前时间点无可执行的作业： 2015-10-22 00:01:00
[10-22 08:53:07 513 INFO ] [main] scheduler.bootstrap.Main - +++++++++++++++++++++ staring +++++++++++++++++++++

[10-22 08:53:07 515 INFO ] [main] scheduler.bootstrap.Main - user.dir: /opt/stf/bin
[10-22 08:53:07 515 INFO ] [main] scheduler.bootstrap.Main - rootPath: /opt/stf/bin/../
[10-22 08:53:07 516 INFO ] [main] scheduler.bootstrap.Main - service sch_log4j.xml: /opt/stf/bin/../service/weixin/sch_log4j.xml
[10-22 08:53:07 516 INFO ] [main] scheduler.bootstrap.Main - default sch_log4j.xml: /opt/stf/bin/sch_log4j.xml
[10-22 08:53:07 517 INFO ] [main] scheduler.bootstrap.Main - -----------------loading global jars------------------
[10-22 08:53:07 535 INFO ] [main] scheduler.core.GlobalClassLoader - append jar to classpath:file:/opt/stf/lib/commons-codec-1.6.jar
[10-22 08:53:07 536 INFO ] [main] scheduler.core.GlobalClassLoader - append jar to classpath:file:/opt/stf/lib/jyaml-1.3.jar
[10-22 08:53:07 536 INFO ] [main] scheduler.core.GlobalClassLoader - append jar to classpath:file:/opt/stf/lib/sqljdbc4-2.0.jar
[10-22 08:53:07 537 INFO ] [main] scheduler.core.GlobalClassLoader - append jar to classpath:file:/opt/stf/lib/jta-1.1.jar
[10-22 08:53:07 537 INFO ] [main] scheduler.core.GlobalClassLoader - append jar to classpath:file:/opt/stf/lib/commons-logging-1.1.1.jar
[10-22 08:53:07 538 INFO ] [main] scheduler.core.GlobalClassLoader - append jar to classpath:file:/opt/stf/lib/slf4j-log4j12-1.6.1.jar
[10-22 08:53:07 538 INFO ] [main] scheduler.core.GlobalClassLoader - append jar to classpath:file:/opt/stf/lib/slf4j-api-1.6.1.jar
[10-22 08:53:07 539 INFO ] [main] scheduler.core.GlobalClassLoader - append jar to classpath:file:/opt/stf/lib/commons-logging-api-1.1.jar
[10-22 08:53:07 539 INFO ] [main] scheduler.core.GlobalClassLoader - append jar to classpath:file:/opt/stf/lib/commons-collections-3.2.jar
[10-22 08:53:07 540 INFO ] [main] scheduler.core.GlobalClassLoader - append jar to classpath:file:/opt/stf/lib/cn.hofan.spat.scheduler-0.0.1-SNAPSHOT.jar
[10-22 08:53:07 540 INFO ] [main] scheduler.core.GlobalClassLoader - append jar to classpath:file:/opt/stf/lib/log4j-1.2.16.jar
[10-22 08:53:07 541 INFO ] [main] scheduler.core.GlobalClassLoader - append jar to classpath:file:/opt/stf/lib/quartz-1.6.0.jar
[10-22 08:53:07 541 INFO ] [main] scheduler.core.GlobalClassLoader - append jar to classpath:file:/opt/stf/lib/cn.hofan.spat.dal-0.0.1-SNAPSHOT.jar
[10-22 08:53:07 542 INFO ] [main] scheduler.core.GlobalClassLoader - append jar to classpath:file:/opt/stf/lib/mysql-connector-java-5.1.6.jar
[10-22 08:53:07 542 INFO ] [main] scheduler.core.GlobalClassLoader - append jar to classpath:file:/opt/stf/service/weixin/lib/cn.hofan.spat.ums-0.0.1-SNAPSHOT.jar
[10-22 08:53:07 543 INFO ] [main] scheduler.core.GlobalClassLoader - append jar to classpath:file:/opt/stf/service/weixin/lib/com.bj58.spat.gaea.serializer-1.0.0.jar
[10-22 08:53:07 549 INFO ] [main] scheduler.core.GlobalClassLoader - append jar to classpath:file:/opt/stf/service/weixin/lib/sqljdbc4-4.0.jar
[10-22 08:53:07 550 INFO ] [main] scheduler.core.GlobalClassLoader - append jar to classpath:file:/opt/stf/service/weixin/lib/jackson-mapper-asl-1.8.1.jar
[10-22 08:53:07 551 INFO ] [main] scheduler.core.GlobalClassLoader - append jar to classpath:file:/opt/stf/service/weixin/lib/geronimo-jms_1.1_spec-1.1.1.jar
[10-22 08:53:07 551 INFO ] [main] scheduler.core.GlobalClassLoader - append jar to classpath:file:/opt/stf/service/weixin/lib/geronimo-j2ee-management_1.1_spec-1.0.1.jar
[10-22 08:53:07 552 INFO ] [main] scheduler.core.GlobalClassLoader - append jar to classpath:file:/opt/stf/service/weixin/lib/activemq-protobuf-1.1.jar
[10-22 08:53:07 552 INFO ] [main] scheduler.core.GlobalClassLoader - append jar to classpath:file:/opt/stf/service/weixin/lib/com.bj58.spat.gaea.protocol-1.0.0.jar
[10-22 08:53:07 553 INFO ] [main] scheduler.core.GlobalClassLoader - append jar to classpath:file:/opt/stf/service/weixin/lib/httpclient-4.3.4.jar
[10-22 08:53:07 553 INFO ] [main] scheduler.core.GlobalClassLoader - append jar to classpath:file:/opt/stf/service/weixin/lib/persistence-api-1.0.jar
[10-22 08:53:07 554 INFO ] [main] scheduler.core.GlobalClassLoader - append jar to classpath:file:/opt/stf/service/weixin/lib/slf4j-api-1.6.2.jar
[10-22 08:53:07 554 INFO ] [main] scheduler.core.GlobalClassLoader - append jar to classpath:file:/opt/stf/service/weixin/lib/aopalliance-1.0.jar
[10-22 08:53:07 555 INFO ] [main] scheduler.core.GlobalClassLoader - append jar to classpath:file:/opt/stf/service/weixin/lib/stringtemplate-3.2.1.jar
[10-22 08:53:07 555 INFO ] [main] scheduler.core.GlobalClassLoader - append jar to classpath:file:/opt/stf/service/weixin/lib/cn.hofan.spat.dal-0.0.2-SNAPSHOT.jar
[10-22 08:53:07 556 INFO ] [main] scheduler.core.GlobalClassLoader - append jar to classpath:file:/opt/stf/service/weixin/lib/commons-lang3-3.1.jar
[10-22 08:53:07 556 INFO ] [main] scheduler.core.GlobalClassLoader - append jar to classpath:file:/opt/stf/service/weixin/lib/antlr-runtime-3.3.jar
[10-22 08:53:07 557 INFO ] [main] scheduler.core.GlobalClassLoader - append jar to classpath:file:/opt/stf/service/weixin/lib/hawtdispatch-transport-1.11.jar
[10-22 08:53:07 557 INFO ] [main] scheduler.core.GlobalClassLoader - append jar to classpath:file:/opt/stf/service/weixin/lib/spring-core-3.0.7.RELEASE.jar
[10-22 08:53:07 558 INFO ] [main] scheduler.core.GlobalClassLoader - append jar to classpath:file:/opt/stf/service/weixin/lib/cn.hofan.spat.esb.jms.client-0.0.1-SNAPSHOT.jar
[10-22 08:53:07 558 INFO ] [main] scheduler.core.GlobalClassLoader - append jar to classpath:file:/opt/stf/service/weixin/lib/hawtdispatch-1.11.jar
[10-22 08:53:07 559 INFO ] [main] scheduler.core.GlobalClassLoader - append jar to classpath:file:/opt/stf/service/weixin/lib/weixin-gaeaservice-contract-0.0.1-SNAPSHOT.jar
[10-22 08:53:07 560 INFO ] [main] scheduler.core.GlobalClassLoader - append jar to classpath:file:/opt/stf/service/weixin/lib/spring-context-3.0.7.RELEASE.jar
[10-22 08:53:07 560 INFO ] [main] scheduler.core.GlobalClassLoader - append jar to classpath:file:/opt/stf/service/weixin/lib/mail-1.4.5.jar
[10-22 08:53:07 561 INFO ] [main] scheduler.core.GlobalClassLoader - append jar to classpath:file:/opt/stf/service/weixin/lib/spring-beans-3.0.7.RELEASE.jar
[10-22 08:53:07 562 INFO ] [main] scheduler.core.GlobalClassLoader - append jar to classpath:file:/opt/stf/service/weixin/lib/weixin-timing-0.0.1-SNAPSHOT.jar
[10-22 08:53:07 562 INFO ] [main] scheduler.core.GlobalClassLoader - append jar to classpath:file:/opt/stf/service/weixin/lib/jasypt-1.9.0.jar
[10-22 08:53:07 562 INFO ] [main] scheduler.core.GlobalClassLoader - append jar to classpath:file:/opt/stf/service/weixin/lib/spring-aop-3.0.7.RELEASE.jar
[10-22 08:53:07 563 INFO ] [main] scheduler.core.GlobalClassLoader - append jar to classpath:file:/opt/stf/service/weixin/lib/slf4j-log4j12-1.6.2.jar
[10-22 08:53:07 563 INFO ] [main] scheduler.core.GlobalClassLoader - append jar to classpath:file:/opt/stf/service/weixin/lib/kahadb-5.7.0.jar
[10-22 08:53:07 564 INFO ] [main] scheduler.core.GlobalClassLoader - append jar to classpath:file:/opt/stf/service/weixin/lib/commons-net-3.1.jar
[10-22 08:53:07 564 INFO ] [main] scheduler.core.GlobalClassLoader - append jar to classpath:file:/opt/stf/service/weixin/lib/activation-1.1.jar
[10-22 08:53:07 565 INFO ] [main] scheduler.core.GlobalClassLoader - append jar to classpath:file:/opt/stf/service/weixin/lib/cn.hofan.spat.jms.client.db-0.0.1-SNAPSHOT.jar
[10-22 08:53:07 565 INFO ] [main] scheduler.core.GlobalClassLoader - append jar to classpath:file:/opt/stf/service/weixin/lib/httpcore-4.3.2.jar
[10-22 08:53:07 566 INFO ] [main] scheduler.core.GlobalClassLoader - append jar to classpath:file:/opt/stf/service/weixin/lib/jackson-core-asl-1.8.1.jar
[10-22 08:53:07 566 INFO ] [main] scheduler.core.GlobalClassLoader - append jar to classpath:file:/opt/stf/service/weixin/lib/logistic-track-client-1.0.0-SNAPSHOT.jar
[10-22 08:53:07 566 INFO ] [main] scheduler.core.GlobalClassLoader - append jar to classpath:file:/opt/stf/service/weixin/lib/hawtbuf-1.9.jar
[10-22 08:53:07 567 INFO ] [main] scheduler.core.GlobalClassLoader - append jar to classpath:file:/opt/stf/service/weixin/lib/bcprov-jdk16-1.46.jar
[10-22 08:53:07 567 INFO ] [main] scheduler.core.GlobalClassLoader - append jar to classpath:file:/opt/stf/service/weixin/lib/mqtt-client-1.3.jar
[10-22 08:53:07 568 INFO ] [main] scheduler.core.GlobalClassLoader - append jar to classpath:file:/opt/stf/service/weixin/lib/cn.hofan.spat.threadpool-0.0.1-SNAPSHOT.jar
[10-22 08:53:07 568 INFO ] [main] scheduler.core.GlobalClassLoader - append jar to classpath:file:/opt/stf/service/weixin/lib/junit-4.8.2.jar
[10-22 08:53:07 569 INFO ] [main] scheduler.core.GlobalClassLoader - append jar to classpath:file:/opt/stf/service/weixin/lib/log4j-1.2.12.jar
[10-22 08:53:07 569 INFO ] [main] scheduler.core.GlobalClassLoader - append jar to classpath:file:/opt/stf/service/weixin/lib/antlr-3.3.jar
[10-22 08:53:07 570 INFO ] [main] scheduler.core.GlobalClassLoader - append jar to classpath:file:/opt/stf/service/weixin/lib/mysql-connector-java-5.1.20.jar
[10-22 08:53:07 570 INFO ] [main] scheduler.core.GlobalClassLoader - append jar to classpath:file:/opt/stf/service/weixin/lib/ebean-2.7.1.jar
[10-22 08:53:07 571 INFO ] [main] scheduler.core.GlobalClassLoader - append jar to classpath:file:/opt/stf/service/weixin/lib/spring-asm-3.0.7.RELEASE.jar
[10-22 08:53:07 571 INFO ] [main] scheduler.core.GlobalClassLoader - append jar to classpath:file:/opt/stf/service/weixin/lib/com.bj58.spat.gaea.server-1.0.0.jar
[10-22 08:53:07 571 INFO ] [main] scheduler.core.GlobalClassLoader - append jar to classpath:file:/opt/stf/service/weixin/lib/com.bj58.spat.gaea.client-1.0.0.jar
[10-22 08:53:07 572 INFO ] [main] scheduler.core.GlobalClassLoader - append jar to classpath:file:/opt/stf/service/weixin/lib/spring-expression-3.0.7.RELEASE.jar
[10-22 08:53:07 572 INFO ] [main] scheduler.core.GlobalClassLoader - append jar to classpath:file:/opt/stf/service/weixin/lib/antlr-2.7.7.jar
[10-22 08:53:07 573 INFO ] [main] scheduler.core.GlobalClassLoader - append jar to classpath:file:/opt/stf/service/weixin/lib/httpclient-1.0.jar
[10-22 08:53:07 573 INFO ] [main] scheduler.core.GlobalClassLoader - append jar to classpath:file:/opt/stf/service/weixin/lib/activemq-core-5.7.0.jar
[10-22 08:53:07 574 INFO ] [main] scheduler.bootstrap.Main - -------------------------end-------------------------

[10-22 08:53:07 574 INFO ] [main] scheduler.bootstrap.Main - -----------------Check the necessary files ------------------
[10-22 08:53:07 578 INFO ] [main] scheduler.bootstrap.Main - quartzconfigfile=/opt/stf/bin/../service/weixin/config/sch_config.properties
[10-22 08:53:07 671 INFO ] [main] scheduler.scheduler.DefaultQuartzProperties - quarzt properties:org.quartz.threadPool.threadsInheritContextClassLoaderOfInitializingThread  value:true
[10-22 08:53:07 671 INFO ] [main] scheduler.scheduler.DefaultQuartzProperties - quarzt properties:org.quartz.scheduler.rmi.proxy  value:false
[10-22 08:53:07 672 INFO ] [main] scheduler.scheduler.DefaultQuartzProperties - quarzt properties:org.quartz.scheduler.rmi.export  value:false
[10-22 08:53:07 672 INFO ] [main] scheduler.scheduler.DefaultQuartzProperties - quarzt properties:org.quartz.dataSource.myDS.connectionProvider.class  value:cn.hofan.spat.scheduler.dao.ConnnectionProviderImpl
[10-22 08:53:07 673 INFO ] [main] scheduler.scheduler.DefaultQuartzProperties - quarzt properties:org.quartz.threadPool.threadCount  value:10
[10-22 08:53:07 673 INFO ] [main] scheduler.scheduler.DefaultQuartzProperties - quarzt properties:org.quartz.scheduler.instanceName  value:weixin
[10-22 08:53:07 673 INFO ] [main] scheduler.scheduler.DefaultQuartzProperties - quarzt properties:org.quartz.scheduler.wrapJobExecutionInUserTransaction  value:false
[10-22 08:53:07 674 INFO ] [main] scheduler.scheduler.DefaultQuartzProperties - quarzt properties:org.quartz.threadPool.class  value:org.quartz.simpl.SimpleThreadPool
[10-22 08:53:07 674 INFO ] [main] scheduler.scheduler.DefaultQuartzProperties - quarzt properties:org.quartz.jobStore.class  value:org.quartz.simpl.RAMJobStore
[10-22 08:53:07 674 INFO ] [main] scheduler.scheduler.DefaultQuartzProperties - quarzt properties:org.quartz.scheduler.instanceId  value:TimingJob1445475187670
[10-22 08:53:07 675 INFO ] [main] scheduler.scheduler.DefaultQuartzProperties - quarzt properties:org.quartz.threadPool.threadPriority  value:5
[10-22 08:53:07 679 INFO ] [main] scheduler.bootstrap.Main - -----------------Check the necessary end ------------------
[10-22 08:53:07 679 INFO ] [main] scheduler.bootstrap.Main - -----------------start scheduler ------------------
[10-22 08:53:07 679 INFO ] [main] scheduler.bootstrap.Main - jobdetail class=cn.hofan.provider.TimingJob
[10-22 08:53:08 228 INFO ] [main] scheduler.scheduler.JobDetailFactory - -----------create jobdetail success------------
[10-22 08:53:08 235 INFO ] [main] scheduler.scheduler.TriggerFactory - ---------------------tigger type=CronTrigger
[10-22 08:53:08 246 INFO ] [main] scheduler.scheduler.TriggerFactory - ---------------------create CronTrigger success
[10-22 08:53:08 247 INFO ] [main] scheduler.bootstrap.Main - jobdetaillistener------null--------
[10-22 08:53:08 249 INFO ] [main] scheduler.scheduler.JobScheduler - -----------------------------init scheduler ------------------------------------
[10-22 08:53:08 353 INFO ] [main] quartz.simpl.SimpleThreadPool - Job execution threads will use class loader of thread: main
[10-22 08:53:08 414 INFO ] [main] quartz.core.QuartzScheduler - Quartz Scheduler v.1.6.0 created.
[10-22 08:53:08 421 INFO ] [main] quartz.simpl.RAMJobStore - RAMJobStore initialized.
[10-22 08:53:08 421 INFO ] [main] quartz.impl.StdSchedulerFactory - Quartz scheduler 'weixin' initialized from an externally provided properties instance.
[10-22 08:53:08 423 INFO ] [main] quartz.impl.StdSchedulerFactory - Quartz scheduler version: 1.6.0
[10-22 08:53:08 440 INFO ] [main] quartz.core.QuartzScheduler - Scheduler weixin_$_TimingJob1445475187670 started.
[10-22 08:53:08 440 INFO ] [main] scheduler.bootstrap.Main - -----------------start scheduler success ------------------
[10-22 09:01:00 038 INFO ] [weixin_Worker-1] hofan.provider.TimingJob - ------开始执行定时器的一次心跳： 2015-10-22 09:01:00------
[10-22 09:01:00 130 INFO ] [weixin_Worker-1] hofan.provider.TimingJob - 当前时间点无可执行的作业： 2015-10-22 09:01:00
[10-22 10:01:00 015 INFO ] [weixin_Worker-2] hofan.provider.TimingJob - ------开始执行定时器的一次心跳： 2015-10-22 10:01:00------
[10-22 10:01:00 016 INFO ] [weixin_Worker-2] hofan.provider.TimingJob - 当前时间点无可执行的作业： 2015-10-22 10:01:00
[10-22 11:01:00 014 INFO ] [weixin_Worker-3] hofan.provider.TimingJob - ------开始执行定时器的一次心跳： 2015-10-22 11:01:00------
[10-22 11:01:00 017 INFO ] [weixin_Worker-3] hofan.provider.TimingJob - 当前时间点无可执行的作业： 2015-10-22 11:01:00
[10-22 12:01:00 209 INFO ] [weixin_Worker-4] hofan.provider.TimingJob - ------开始执行定时器的一次心跳： 2015-10-22 12:01:00------
[10-22 12:01:00 221 INFO ] [weixin_Worker-4] hofan.provider.TimingJob - 当前时间点无可执行的作业： 2015-10-22 12:01:00
[10-22 13:01:00 048 INFO ] [weixin_Worker-5] hofan.provider.TimingJob - ------开始执行定时器的一次心跳： 2015-10-22 13:01:00------
[10-22 13:01:00 054 INFO ] [weixin_Worker-5] hofan.provider.TimingJob - 当前时间点无可执行的作业： 2015-10-22 13:01:00
[10-22 14:01:00 046 INFO ] [weixin_Worker-6] hofan.provider.TimingJob - ------开始执行定时器的一次心跳： 2015-10-22 14:01:00------
[10-22 14:01:00 058 INFO ] [weixin_Worker-6] hofan.provider.TimingJob - 当前时间点无可执行的作业： 2015-10-22 14:01:00
[10-22 15:01:00 057 INFO ] [weixin_Worker-7] hofan.provider.TimingJob - ------开始执行定时器的一次心跳： 2015-10-22 15:01:00------
[10-22 15:01:00 075 INFO ] [weixin_Worker-7] hofan.provider.TimingJob - 当前时间点： 2015-10-22 15:01:00，待执行作业总数:1
[10-22 15:01:00 109 INFO ] [weixin_Worker-7] hofan.application.SendallByGroupJobHandler - ==开始按组群发图文消息==
[10-22 15:01:18 921 INFO ] [weixin_Worker-7] client.loadbalance.Server - Gaea Client v1.0.0:starting init servers
[10-22 15:01:19 099 INFO ] [weixin_Worker-7] communication.socket.ScoketPool - Gaea Client v1.0.0:init servers end
[10-22 15:01:19 264 INFO ] [weixin_Worker-7] communication.socket.Worker - Gaea Client v1.0.0:MaxPakageSize:10240000
[10-22 15:01:19 265 INFO ] [weixin_Worker-7] communication.socket.Worker - Gaea Client v1.0.0:SendBufferSize:8388608
[10-22 15:01:19 266 INFO ] [weixin_Worker-7] communication.socket.Worker - Gaea Client v1.0.0:RecvBufferSize:8388608
[10-22 15:01:19 267 INFO ] [weixin_Worker-7] communication.socket.Worker - Gaea Client v1.0.0:create a new connection :Socket[addr=/192.168.3.77,port=10086,localport=56762]
[10-22 15:01:25 528 WARN ] [weixin_Worker-7] communication.socket.Handle - Gaea Client v1.0.0:method:sendallByGroup invoke time :25407
[10-22 15:01:25 529 INFO ] [weixin_Worker-7] hofan.application.SendallByGroupJobHandler - 成功
[10-22 15:01:25 529 INFO ] [weixin_Worker-7] hofan.provider.TimingJob - 已执行作业数： 1,待执行作业数：0
[10-22 15:01:25 529 INFO ] [weixin_Worker-7] hofan.provider.TimingJob - 当前时间点： 2015-10-22 15:01:25线程睡了
[10-22 15:01:26 530 INFO ] [weixin_Worker-7] hofan.provider.TimingJob - 当前时间点： 2015-10-22 15:01:26线程醒了
[10-22 15:01:26 531 INFO ] [weixin_Worker-7] hofan.provider.TimingJob - ------结束执行定时器的此次心跳： 2015-10-22 15:01:26------
[10-22 16:01:00 331 INFO ] [weixin_Worker-8] hofan.provider.TimingJob - ------开始执行定时器的一次心跳： 2015-10-22 16:01:00------
[10-22 16:01:00 460 INFO ] [weixin_Worker-8] hofan.provider.TimingJob - 当前时间点： 2015-10-22 16:01:00，待执行作业总数:1
[10-22 16:01:00 461 INFO ] [weixin_Worker-8] hofan.application.SendallByGroupJobHandler - ==开始按组群发图文消息==
[10-22 16:01:03 245 WARN ] [weixin_Worker-8] communication.socket.Handle - Gaea Client v1.0.0:method:sendallByGroup invoke time :2739
[10-22 16:01:03 254 INFO ] [weixin_Worker-8] hofan.application.SendallByGroupJobHandler - 失败
[10-22 16:01:03 255 INFO ] [weixin_Worker-8] hofan.provider.TimingJob - 已执行作业数： 1,待执行作业数：0
[10-22 16:01:03 256 INFO ] [weixin_Worker-8] hofan.provider.TimingJob - 当前时间点： 2015-10-22 16:01:03线程睡了
[10-22 16:01:04 258 INFO ] [weixin_Worker-8] hofan.provider.TimingJob - 当前时间点： 2015-10-22 16:01:04线程醒了
[10-22 16:01:04 258 INFO ] [weixin_Worker-8] hofan.provider.TimingJob - ------结束执行定时器的此次心跳： 2015-10-22 16:01:04------
[10-22 17:01:00 071 INFO ] [weixin_Worker-9] hofan.provider.TimingJob - ------开始执行定时器的一次心跳： 2015-10-22 17:01:00------
[10-22 17:01:00 084 INFO ] [weixin_Worker-9] hofan.provider.TimingJob - 当前时间点： 2015-10-22 17:01:00，待执行作业总数:1
[10-22 17:01:00 084 INFO ] [weixin_Worker-9] hofan.application.SendallByGroupJobHandler - ==开始按组群发图文消息==
[10-22 17:01:00 508 WARN ] [weixin_Worker-9] communication.socket.Handle - Gaea Client v1.0.0:method:sendallByGroup invoke time :424
[10-22 17:01:00 508 INFO ] [weixin_Worker-9] hofan.application.SendallByGroupJobHandler - 失败
[10-22 17:01:00 509 INFO ] [weixin_Worker-9] hofan.provider.TimingJob - 已执行作业数： 1,待执行作业数：0
[10-22 17:01:00 509 INFO ] [weixin_Worker-9] hofan.provider.TimingJob - 当前时间点： 2015-10-22 17:01:00线程睡了
[10-22 17:01:01 510 INFO ] [weixin_Worker-9] hofan.provider.TimingJob - 当前时间点： 2015-10-22 17:01:01线程醒了
[10-22 17:01:01 510 INFO ] [weixin_Worker-9] hofan.provider.TimingJob - ------结束执行定时器的此次心跳： 2015-10-22 17:01:01------
[10-22 18:01:00 118 INFO ] [weixin_Worker-10] hofan.provider.TimingJob - ------开始执行定时器的一次心跳： 2015-10-22 18:01:00------
[10-22 18:01:00 156 INFO ] [weixin_Worker-10] hofan.provider.TimingJob - 当前时间点无可执行的作业： 2015-10-22 18:01:00
[10-22 19:01:00 025 INFO ] [weixin_Worker-1] hofan.provider.TimingJob - ------开始执行定时器的一次心跳： 2015-10-22 19:01:00------
[10-22 19:01:00 026 INFO ] [weixin_Worker-1] hofan.provider.TimingJob - 当前时间点无可执行的作业： 2015-10-22 19:01:00
[10-22 20:01:00 039 INFO ] [weixin_Worker-2] hofan.provider.TimingJob - ------开始执行定时器的一次心跳： 2015-10-22 20:01:00------
[10-22 20:01:00 043 INFO ] [weixin_Worker-2] hofan.provider.TimingJob - 当前时间点无可执行的作业： 2015-10-22 20:01:00
[10-22 21:01:00 028 INFO ] [weixin_Worker-3] hofan.provider.TimingJob - ------开始执行定时器的一次心跳： 2015-10-22 21:01:00------
[10-22 21:01:00 029 INFO ] [weixin_Worker-3] hofan.provider.TimingJob - 当前时间点无可执行的作业： 2015-10-22 21:01:00
[10-22 22:01:00 059 INFO ] [weixin_Worker-4] hofan.provider.TimingJob - ------开始执行定时器的一次心跳： 2015-10-22 22:01:00------
[10-22 22:01:00 059 INFO ] [weixin_Worker-4] hofan.provider.TimingJob - 当前时间点无可执行的作业： 2015-10-22 22:01:00
[10-22 23:01:00 057 INFO ] [weixin_Worker-5] hofan.provider.TimingJob - ------开始执行定时器的一次心跳： 2015-10-22 23:01:00------
[10-22 23:01:00 058 INFO ] [weixin_Worker-5] hofan.provider.TimingJob - 当前时间点无可执行的作业： 2015-10-22 23:01:00
