[10-28 00:16:00 058 INFO ] [weixin_Worker-8] hofan.provider.TimingJob - ------开始执行定时器的一次心跳： 2015-10-28 00:16:00------
[10-28 00:16:00 268 INFO ] [weixin_Worker-8] hofan.provider.TimingJob - 当前时间点无可执行的作业： 2015-10-28 00:16:00
[10-28 01:16:00 017 INFO ] [weixin_Worker-9] hofan.provider.TimingJob - ------开始执行定时器的一次心跳： 2015-10-28 01:16:00------
[10-28 01:16:00 033 INFO ] [weixin_Worker-9] hofan.provider.TimingJob - 当前时间点无可执行的作业： 2015-10-28 01:16:00
[10-28 02:16:00 058 INFO ] [weixin_Worker-10] hofan.provider.TimingJob - ------开始执行定时器的一次心跳： 2015-10-28 02:16:00------
[10-28 02:16:00 060 INFO ] [weixin_Worker-10] hofan.provider.TimingJob - 当前时间点无可执行的作业： 2015-10-28 02:16:00
[10-28 03:16:00 062 INFO ] [weixin_Worker-1] hofan.provider.TimingJob - ------开始执行定时器的一次心跳： 2015-10-28 03:16:00------
[10-28 03:16:00 064 INFO ] [weixin_Worker-1] hofan.provider.TimingJob - 当前时间点无可执行的作业： 2015-10-28 03:16:00
[10-28 04:16:00 034 INFO ] [weixin_Worker-2] hofan.provider.TimingJob - ------开始执行定时器的一次心跳： 2015-10-28 04:16:00------
[10-28 04:16:00 046 INFO ] [weixin_Worker-2] hofan.provider.TimingJob - 当前时间点无可执行的作业： 2015-10-28 04:16:00
[10-28 05:16:00 038 INFO ] [weixin_Worker-3] hofan.provider.TimingJob - ------开始执行定时器的一次心跳： 2015-10-28 05:16:00------
[10-28 05:16:00 039 INFO ] [weixin_Worker-3] hofan.provider.TimingJob - 当前时间点无可执行的作业： 2015-10-28 05:16:00
[10-28 06:16:00 103 INFO ] [weixin_Worker-4] hofan.provider.TimingJob - ------开始执行定时器的一次心跳： 2015-10-28 06:16:00------
[10-28 06:16:00 128 INFO ] [weixin_Worker-4] hofan.provider.TimingJob - 当前时间点无可执行的作业： 2015-10-28 06:16:00
[10-28 07:16:00 023 INFO ] [weixin_Worker-5] hofan.provider.TimingJob - ------开始执行定时器的一次心跳： 2015-10-28 07:16:00------
[10-28 07:16:00 030 INFO ] [weixin_Worker-5] hofan.provider.TimingJob - 当前时间点无可执行的作业： 2015-10-28 07:16:00
[10-28 08:16:00 250 INFO ] [weixin_Worker-6] hofan.provider.TimingJob - ------开始执行定时器的一次心跳： 2015-10-28 08:16:00------
[10-28 08:16:00 262 INFO ] [weixin_Worker-6] hofan.provider.TimingJob - 当前时间点无可执行的作业： 2015-10-28 08:16:00
[10-28 09:16:00 082 INFO ] [weixin_Worker-7] hofan.provider.TimingJob - ------开始执行定时器的一次心跳： 2015-10-28 09:16:00------
[10-28 09:16:00 089 INFO ] [weixin_Worker-7] hofan.provider.TimingJob - 当前时间点无可执行的作业： 2015-10-28 09:16:00
[10-28 10:16:00 170 INFO ] [weixin_Worker-8] hofan.provider.TimingJob - ------开始执行定时器的一次心跳： 2015-10-28 10:16:00------
[10-28 10:16:00 208 INFO ] [weixin_Worker-8] hofan.provider.TimingJob - 当前时间点无可执行的作业： 2015-10-28 10:16:00
[10-28 11:16:00 188 INFO ] [weixin_Worker-9] hofan.provider.TimingJob - ------开始执行定时器的一次心跳： 2015-10-28 11:16:00------
[10-28 11:16:00 220 INFO ] [weixin_Worker-9] hofan.provider.TimingJob - 当前时间点无可执行的作业： 2015-10-28 11:16:00
[10-28 12:16:00 061 INFO ] [weixin_Worker-10] hofan.provider.TimingJob - ------开始执行定时器的一次心跳： 2015-10-28 12:16:00------
[10-28 12:16:00 074 INFO ] [weixin_Worker-10] hofan.provider.TimingJob - 当前时间点无可执行的作业： 2015-10-28 12:16:00
[10-28 13:16:00 047 INFO ] [weixin_Worker-1] hofan.provider.TimingJob - ------开始执行定时器的一次心跳： 2015-10-28 13:16:00------
[10-28 13:16:00 051 INFO ] [weixin_Worker-1] hofan.provider.TimingJob - 当前时间点无可执行的作业： 2015-10-28 13:16:00
[10-28 14:16:00 066 INFO ] [weixin_Worker-2] hofan.provider.TimingJob - ------开始执行定时器的一次心跳： 2015-10-28 14:16:00------
[10-28 14:16:00 077 INFO ] [weixin_Worker-2] hofan.provider.TimingJob - 当前时间点无可执行的作业： 2015-10-28 14:16:00
[10-28 14:48:33 703 INFO ] [main] scheduler.bootstrap.Main - +++++++++++++++++++++ staring +++++++++++++++++++++

[10-28 14:48:33 709 INFO ] [main] scheduler.bootstrap.Main - user.dir: /opt/stf/bin
[10-28 14:48:33 709 INFO ] [main] scheduler.bootstrap.Main - rootPath: /opt/stf/bin/../
[10-28 14:48:33 710 INFO ] [main] scheduler.bootstrap.Main - service sch_log4j.xml: /opt/stf/bin/../service/weixin/sch_log4j.xml
[10-28 14:48:33 711 INFO ] [main] scheduler.bootstrap.Main - default sch_log4j.xml: /opt/stf/bin/sch_log4j.xml
[10-28 14:48:33 711 INFO ] [main] scheduler.bootstrap.Main - -----------------loading global jars------------------
[10-28 14:48:33 736 INFO ] [main] scheduler.core.GlobalClassLoader - append jar to classpath:file:/opt/stf/lib/commons-codec-1.6.jar
[10-28 14:48:33 737 INFO ] [main] scheduler.core.GlobalClassLoader - append jar to classpath:file:/opt/stf/lib/jyaml-1.3.jar
[10-28 14:48:33 737 INFO ] [main] scheduler.core.GlobalClassLoader - append jar to classpath:file:/opt/stf/lib/sqljdbc4-2.0.jar
[10-28 14:48:33 738 INFO ] [main] scheduler.core.GlobalClassLoader - append jar to classpath:file:/opt/stf/lib/jta-1.1.jar
[10-28 14:48:33 739 INFO ] [main] scheduler.core.GlobalClassLoader - append jar to classpath:file:/opt/stf/lib/commons-logging-1.1.1.jar
[10-28 14:48:33 739 INFO ] [main] scheduler.core.GlobalClassLoader - append jar to classpath:file:/opt/stf/lib/slf4j-log4j12-1.6.1.jar
[10-28 14:48:33 739 INFO ] [main] scheduler.core.GlobalClassLoader - append jar to classpath:file:/opt/stf/lib/slf4j-api-1.6.1.jar
[10-28 14:48:33 740 INFO ] [main] scheduler.core.GlobalClassLoader - append jar to classpath:file:/opt/stf/lib/commons-logging-api-1.1.jar
[10-28 14:48:33 741 INFO ] [main] scheduler.core.GlobalClassLoader - append jar to classpath:file:/opt/stf/lib/commons-collections-3.2.jar
[10-28 14:48:33 741 INFO ] [main] scheduler.core.GlobalClassLoader - append jar to classpath:file:/opt/stf/lib/cn.hofan.spat.scheduler-0.0.1-SNAPSHOT.jar
[10-28 14:48:33 741 INFO ] [main] scheduler.core.GlobalClassLoader - append jar to classpath:file:/opt/stf/lib/log4j-1.2.16.jar
[10-28 14:48:33 742 INFO ] [main] scheduler.core.GlobalClassLoader - append jar to classpath:file:/opt/stf/lib/quartz-1.6.0.jar
[10-28 14:48:33 743 INFO ] [main] scheduler.core.GlobalClassLoader - append jar to classpath:file:/opt/stf/lib/cn.hofan.spat.dal-0.0.1-SNAPSHOT.jar
[10-28 14:48:33 743 INFO ] [main] scheduler.core.GlobalClassLoader - append jar to classpath:file:/opt/stf/lib/mysql-connector-java-5.1.6.jar
[10-28 14:48:33 743 INFO ] [main] scheduler.core.GlobalClassLoader - append jar to classpath:file:/opt/stf/service/weixin/lib/cn.hofan.spat.ums-0.0.1-SNAPSHOT.jar
[10-28 14:48:33 744 INFO ] [main] scheduler.core.GlobalClassLoader - append jar to classpath:file:/opt/stf/service/weixin/lib/com.bj58.spat.gaea.serializer-1.0.0.jar
[10-28 14:48:33 751 INFO ] [main] scheduler.core.GlobalClassLoader - append jar to classpath:file:/opt/stf/service/weixin/lib/sqljdbc4-4.0.jar
[10-28 14:48:33 752 INFO ] [main] scheduler.core.GlobalClassLoader - append jar to classpath:file:/opt/stf/service/weixin/lib/jackson-mapper-asl-1.8.1.jar
[10-28 14:48:33 753 INFO ] [main] scheduler.core.GlobalClassLoader - append jar to classpath:file:/opt/stf/service/weixin/lib/geronimo-jms_1.1_spec-1.1.1.jar
[10-28 14:48:33 753 INFO ] [main] scheduler.core.GlobalClassLoader - append jar to classpath:file:/opt/stf/service/weixin/lib/geronimo-j2ee-management_1.1_spec-1.0.1.jar
[10-28 14:48:33 754 INFO ] [main] scheduler.core.GlobalClassLoader - append jar to classpath:file:/opt/stf/service/weixin/lib/activemq-protobuf-1.1.jar
[10-28 14:48:33 754 INFO ] [main] scheduler.core.GlobalClassLoader - append jar to classpath:file:/opt/stf/service/weixin/lib/com.bj58.spat.gaea.protocol-1.0.0.jar
[10-28 14:48:33 755 INFO ] [main] scheduler.core.GlobalClassLoader - append jar to classpath:file:/opt/stf/service/weixin/lib/httpclient-4.3.4.jar
[10-28 14:48:33 756 INFO ] [main] scheduler.core.GlobalClassLoader - append jar to classpath:file:/opt/stf/service/weixin/lib/persistence-api-1.0.jar
[10-28 14:48:33 756 INFO ] [main] scheduler.core.GlobalClassLoader - append jar to classpath:file:/opt/stf/service/weixin/lib/slf4j-api-1.6.2.jar
[10-28 14:48:33 757 INFO ] [main] scheduler.core.GlobalClassLoader - append jar to classpath:file:/opt/stf/service/weixin/lib/aopalliance-1.0.jar
[10-28 14:48:33 758 INFO ] [main] scheduler.core.GlobalClassLoader - append jar to classpath:file:/opt/stf/service/weixin/lib/stringtemplate-3.2.1.jar
[10-28 14:48:33 758 INFO ] [main] scheduler.core.GlobalClassLoader - append jar to classpath:file:/opt/stf/service/weixin/lib/cn.hofan.spat.dal-0.0.2-SNAPSHOT.jar
[10-28 14:48:33 759 INFO ] [main] scheduler.core.GlobalClassLoader - append jar to classpath:file:/opt/stf/service/weixin/lib/commons-lang3-3.1.jar
[10-28 14:48:33 765 INFO ] [main] scheduler.core.GlobalClassLoader - append jar to classpath:file:/opt/stf/service/weixin/lib/antlr-runtime-3.3.jar
[10-28 14:48:33 766 INFO ] [main] scheduler.core.GlobalClassLoader - append jar to classpath:file:/opt/stf/service/weixin/lib/hawtdispatch-transport-1.11.jar
[10-28 14:48:33 771 INFO ] [main] scheduler.core.GlobalClassLoader - append jar to classpath:file:/opt/stf/service/weixin/lib/spring-core-3.0.7.RELEASE.jar
[10-28 14:48:33 771 INFO ] [main] scheduler.core.GlobalClassLoader - append jar to classpath:file:/opt/stf/service/weixin/lib/cn.hofan.spat.esb.jms.client-0.0.1-SNAPSHOT.jar
[10-28 14:48:33 772 INFO ] [main] scheduler.core.GlobalClassLoader - append jar to classpath:file:/opt/stf/service/weixin/lib/hawtdispatch-1.11.jar
[10-28 14:48:33 773 INFO ] [main] scheduler.core.GlobalClassLoader - append jar to classpath:file:/opt/stf/service/weixin/lib/weixin-gaeaservice-contract-0.0.1-SNAPSHOT.jar
[10-28 14:48:33 774 INFO ] [main] scheduler.core.GlobalClassLoader - append jar to classpath:file:/opt/stf/service/weixin/lib/spring-context-3.0.7.RELEASE.jar
[10-28 14:48:33 774 INFO ] [main] scheduler.core.GlobalClassLoader - append jar to classpath:file:/opt/stf/service/weixin/lib/mail-1.4.5.jar
[10-28 14:48:33 775 INFO ] [main] scheduler.core.GlobalClassLoader - append jar to classpath:file:/opt/stf/service/weixin/lib/spring-beans-3.0.7.RELEASE.jar
[10-28 14:48:33 776 INFO ] [main] scheduler.core.GlobalClassLoader - append jar to classpath:file:/opt/stf/service/weixin/lib/weixin-timing-0.0.1-SNAPSHOT.jar
[10-28 14:48:33 778 INFO ] [main] scheduler.core.GlobalClassLoader - append jar to classpath:file:/opt/stf/service/weixin/lib/jasypt-1.9.0.jar
[10-28 14:48:33 779 INFO ] [main] scheduler.core.GlobalClassLoader - append jar to classpath:file:/opt/stf/service/weixin/lib/spring-aop-3.0.7.RELEASE.jar
[10-28 14:48:33 779 INFO ] [main] scheduler.core.GlobalClassLoader - append jar to classpath:file:/opt/stf/service/weixin/lib/slf4j-log4j12-1.6.2.jar
[10-28 14:48:33 780 INFO ] [main] scheduler.core.GlobalClassLoader - append jar to classpath:file:/opt/stf/service/weixin/lib/kahadb-5.7.0.jar
[10-28 14:48:33 780 INFO ] [main] scheduler.core.GlobalClassLoader - append jar to classpath:file:/opt/stf/service/weixin/lib/commons-net-3.1.jar
[10-28 14:48:33 781 INFO ] [main] scheduler.core.GlobalClassLoader - append jar to classpath:file:/opt/stf/service/weixin/lib/activation-1.1.jar
[10-28 14:48:33 781 INFO ] [main] scheduler.core.GlobalClassLoader - append jar to classpath:file:/opt/stf/service/weixin/lib/cn.hofan.spat.jms.client.db-0.0.1-SNAPSHOT.jar
[10-28 14:48:33 786 INFO ] [main] scheduler.core.GlobalClassLoader - append jar to classpath:file:/opt/stf/service/weixin/lib/httpcore-4.3.2.jar
[10-28 14:48:33 787 INFO ] [main] scheduler.core.GlobalClassLoader - append jar to classpath:file:/opt/stf/service/weixin/lib/jackson-core-asl-1.8.1.jar
[10-28 14:48:33 789 INFO ] [main] scheduler.core.GlobalClassLoader - append jar to classpath:file:/opt/stf/service/weixin/lib/logistic-track-client-1.0.0-SNAPSHOT.jar
[10-28 14:48:33 789 INFO ] [main] scheduler.core.GlobalClassLoader - append jar to classpath:file:/opt/stf/service/weixin/lib/hawtbuf-1.9.jar
[10-28 14:48:33 790 INFO ] [main] scheduler.core.GlobalClassLoader - append jar to classpath:file:/opt/stf/service/weixin/lib/bcprov-jdk16-1.46.jar
[10-28 14:48:33 790 INFO ] [main] scheduler.core.GlobalClassLoader - append jar to classpath:file:/opt/stf/service/weixin/lib/mqtt-client-1.3.jar
[10-28 14:48:33 790 INFO ] [main] scheduler.core.GlobalClassLoader - append jar to classpath:file:/opt/stf/service/weixin/lib/cn.hofan.spat.threadpool-0.0.1-SNAPSHOT.jar
[10-28 14:48:33 791 INFO ] [main] scheduler.core.GlobalClassLoader - append jar to classpath:file:/opt/stf/service/weixin/lib/junit-4.8.2.jar
[10-28 14:48:33 791 INFO ] [main] scheduler.core.GlobalClassLoader - append jar to classpath:file:/opt/stf/service/weixin/lib/log4j-1.2.12.jar
[10-28 14:48:33 792 INFO ] [main] scheduler.core.GlobalClassLoader - append jar to classpath:file:/opt/stf/service/weixin/lib/antlr-3.3.jar
[10-28 14:48:33 792 INFO ] [main] scheduler.core.GlobalClassLoader - append jar to classpath:file:/opt/stf/service/weixin/lib/mysql-connector-java-5.1.20.jar
[10-28 14:48:33 793 INFO ] [main] scheduler.core.GlobalClassLoader - append jar to classpath:file:/opt/stf/service/weixin/lib/ebean-2.7.1.jar
[10-28 14:48:33 794 INFO ] [main] scheduler.core.GlobalClassLoader - append jar to classpath:file:/opt/stf/service/weixin/lib/spring-asm-3.0.7.RELEASE.jar
[10-28 14:48:33 794 INFO ] [main] scheduler.core.GlobalClassLoader - append jar to classpath:file:/opt/stf/service/weixin/lib/com.bj58.spat.gaea.server-1.0.0.jar
[10-28 14:48:33 794 INFO ] [main] scheduler.core.GlobalClassLoader - append jar to classpath:file:/opt/stf/service/weixin/lib/com.bj58.spat.gaea.client-1.0.0.jar
[10-28 14:48:33 795 INFO ] [main] scheduler.core.GlobalClassLoader - append jar to classpath:file:/opt/stf/service/weixin/lib/spring-expression-3.0.7.RELEASE.jar
[10-28 14:48:33 795 INFO ] [main] scheduler.core.GlobalClassLoader - append jar to classpath:file:/opt/stf/service/weixin/lib/antlr-2.7.7.jar
[10-28 14:48:33 796 INFO ] [main] scheduler.core.GlobalClassLoader - append jar to classpath:file:/opt/stf/service/weixin/lib/httpclient-1.0.jar
[10-28 14:48:33 796 INFO ] [main] scheduler.core.GlobalClassLoader - append jar to classpath:file:/opt/stf/service/weixin/lib/activemq-core-5.7.0.jar
[10-28 14:48:33 797 INFO ] [main] scheduler.bootstrap.Main - -------------------------end-------------------------

[10-28 14:48:33 797 INFO ] [main] scheduler.bootstrap.Main - -----------------Check the necessary files ------------------
[10-28 14:48:33 802 INFO ] [main] scheduler.bootstrap.Main - quartzconfigfile=/opt/stf/bin/../service/weixin/config/sch_config.properties
[10-28 14:48:33 817 INFO ] [main] scheduler.scheduler.DefaultQuartzProperties - quarzt properties:org.quartz.threadPool.threadsInheritContextClassLoaderOfInitializingThread  value:true
[10-28 14:48:33 817 INFO ] [main] scheduler.scheduler.DefaultQuartzProperties - quarzt properties:org.quartz.scheduler.rmi.proxy  value:false
[10-28 14:48:33 818 INFO ] [main] scheduler.scheduler.DefaultQuartzProperties - quarzt properties:org.quartz.scheduler.rmi.export  value:false
[10-28 14:48:33 818 INFO ] [main] scheduler.scheduler.DefaultQuartzProperties - quarzt properties:org.quartz.dataSource.myDS.connectionProvider.class  value:cn.hofan.spat.scheduler.dao.ConnnectionProviderImpl
[10-28 14:48:33 819 INFO ] [main] scheduler.scheduler.DefaultQuartzProperties - quarzt properties:org.quartz.threadPool.threadCount  value:10
[10-28 14:48:33 819 INFO ] [main] scheduler.scheduler.DefaultQuartzProperties - quarzt properties:org.quartz.scheduler.instanceName  value:weixin
[10-28 14:48:33 819 INFO ] [main] scheduler.scheduler.DefaultQuartzProperties - quarzt properties:org.quartz.scheduler.wrapJobExecutionInUserTransaction  value:false
[10-28 14:48:33 820 INFO ] [main] scheduler.scheduler.DefaultQuartzProperties - quarzt properties:org.quartz.threadPool.class  value:org.quartz.simpl.SimpleThreadPool
[10-28 14:48:33 820 INFO ] [main] scheduler.scheduler.DefaultQuartzProperties - quarzt properties:org.quartz.jobStore.class  value:org.quartz.simpl.RAMJobStore
[10-28 14:48:33 820 INFO ] [main] scheduler.scheduler.DefaultQuartzProperties - quarzt properties:org.quartz.scheduler.instanceId  value:TimingJob1446014913812
[10-28 14:48:33 821 INFO ] [main] scheduler.scheduler.DefaultQuartzProperties - quarzt properties:org.quartz.threadPool.threadPriority  value:5
[10-28 14:48:33 825 INFO ] [main] scheduler.bootstrap.Main - -----------------Check the necessary end ------------------
[10-28 14:48:33 826 INFO ] [main] scheduler.bootstrap.Main - -----------------start scheduler ------------------
[10-28 14:48:33 826 INFO ] [main] scheduler.bootstrap.Main - jobdetail class=cn.hofan.provider.TimingJob
[10-28 14:48:34 334 INFO ] [main] scheduler.scheduler.JobDetailFactory - -----------create jobdetail success------------
[10-28 14:48:34 343 INFO ] [main] scheduler.scheduler.TriggerFactory - ---------------------tigger type=CronTrigger
[10-28 14:48:34 361 INFO ] [main] scheduler.scheduler.TriggerFactory - ---------------------create CronTrigger success
[10-28 14:48:34 362 INFO ] [main] scheduler.bootstrap.Main - jobdetaillistener------null--------
[10-28 14:48:34 365 INFO ] [main] scheduler.scheduler.JobScheduler - -----------------------------init scheduler ------------------------------------
[10-28 14:48:39 906 INFO ] [main] quartz.simpl.SimpleThreadPool - Job execution threads will use class loader of thread: main
[10-28 14:48:43 071 INFO ] [main] quartz.core.QuartzScheduler - Quartz Scheduler v.1.6.0 created.
[10-28 14:48:43 073 INFO ] [main] quartz.simpl.RAMJobStore - RAMJobStore initialized.
[10-28 14:48:43 073 INFO ] [main] quartz.impl.StdSchedulerFactory - Quartz scheduler 'weixin' initialized from an externally provided properties instance.
[10-28 14:48:43 073 INFO ] [main] quartz.impl.StdSchedulerFactory - Quartz scheduler version: 1.6.0
[10-28 14:48:44 903 INFO ] [main] quartz.core.QuartzScheduler - Scheduler weixin_$_TimingJob1446014913812 started.
[10-28 14:48:44 904 INFO ] [main] scheduler.bootstrap.Main - -----------------start scheduler success ------------------
[10-28 15:01:00 043 INFO ] [weixin_Worker-1] hofan.provider.TimingJob - ------开始执行定时器的一次心跳： 2015-10-28 15:01:00------
[10-28 15:01:00 136 INFO ] [weixin_Worker-1] hofan.provider.TimingJob - 当前时间点： 2015-10-28 15:01:00，待执行作业总数:1
[10-28 15:01:00 136 INFO ] [weixin_Worker-1] hofan.application.SendallByGroupJobHandler - ==开始按组群发图文消息==
[10-28 15:01:21 142 INFO ] [weixin_Worker-1] client.loadbalance.Server - Gaea Client v1.0.0:starting init servers
[10-28 15:01:21 327 INFO ] [weixin_Worker-1] communication.socket.ScoketPool - Gaea Client v1.0.0:init servers end
[10-28 15:01:21 454 INFO ] [weixin_Worker-1] communication.socket.Worker - Gaea Client v1.0.0:MaxPakageSize:10240000
[10-28 15:01:21 454 INFO ] [weixin_Worker-1] communication.socket.Worker - Gaea Client v1.0.0:SendBufferSize:8388608
[10-28 15:01:21 454 INFO ] [weixin_Worker-1] communication.socket.Worker - Gaea Client v1.0.0:RecvBufferSize:8388608
[10-28 15:01:21 455 INFO ] [weixin_Worker-1] communication.socket.Worker - Gaea Client v1.0.0:create a new connection :Socket[addr=/192.168.3.77,port=10086,localport=50539]
[10-28 15:01:52 651 ERROR] [weixin_Worker-1] hofan.application.SendallByGroupJobHandler - 出错
com.bj58.spat.gaea.protocol.exception.OtherException: error num:9516470265129337--state:OtherException--Message:async task timeout!com.bj58.spat.gaea.server.util.async.AsyncWorker.execTimeoutTask(AsyncWorker.java:138)---com.bj58.spat.gaea.server.util.async.AsyncWorker.run(AsyncWorker.java:64)---
	at com.bj58.spat.gaea.protocol.exception.ThrowErrorHelper.throwServiceError(ThrowErrorHelper.java:35)
	at com.bj58.spat.gaea.client.proxy.ServiceProxy.invoke(ServiceProxy.java:183)
	at com.bj58.spat.gaea.client.proxy.builder.MethodCaller.doMethodCall(MethodCaller.java:85)
	at com.bj58.spat.gaea.client.proxy.builder.ProxyStandard.invoke(ProxyStandard.java:58)
	at com.sun.proxy.$Proxy0.sendallByGroup(Unknown Source)
	at cn.hofan.application.SendallByGroupJobHandler.Run(SendallByGroupJobHandler.java:44)
	at cn.hofan.provider.TimingJob.execute(TimingJob.java:38)
	at org.quartz.core.JobRunShell.run(JobRunShell.java:202)
	at org.quartz.simpl.SimpleThreadPool$WorkerThread.run(SimpleThreadPool.java:529)
[10-28 15:01:52 678 INFO ] [weixin_Worker-1] hofan.application.SendallByGroupJobHandler - 失败
[10-28 15:01:52 678 INFO ] [weixin_Worker-1] hofan.provider.TimingJob - 已执行作业数： 1,待执行作业数：0
[10-28 15:01:52 679 INFO ] [weixin_Worker-1] hofan.provider.TimingJob - 当前时间点： 2015-10-28 15:01:52线程睡了
[10-28 15:01:53 679 INFO ] [weixin_Worker-1] hofan.provider.TimingJob - 当前时间点： 2015-10-28 15:01:53线程醒了
[10-28 15:01:53 680 INFO ] [weixin_Worker-1] hofan.provider.TimingJob - ------结束执行定时器的此次心跳： 2015-10-28 15:01:53------
[10-28 15:18:04 874 WARN ] [Async DataReceiver Thread-pool-2-tid-1] communication.socket.Handle - Gaea Client v1.0.0:destory a connection
[10-28 15:18:04 885 WARN ] [Async DataReceiver Thread-pool-2-tid-1] communication.socket.Handle - Gaea Client v1.0.0:socket destroyed!--Socket[addr=/192.168.3.77,port=10086,localport=50539]
[10-28 15:18:04 906 ERROR] [Async DataReceiver Thread-pool-2-tid-1] communication.socket.Handle - Gaea Client v1.0.0:server is close.this socket will close.
[10-28 15:19:31 651 INFO ] [main] scheduler.bootstrap.Main - +++++++++++++++++++++ staring +++++++++++++++++++++

[10-28 15:19:31 665 INFO ] [main] scheduler.bootstrap.Main - user.dir: /opt/stf/bin
[10-28 15:19:31 666 INFO ] [main] scheduler.bootstrap.Main - rootPath: /opt/stf/bin/../
[10-28 15:19:31 666 INFO ] [main] scheduler.bootstrap.Main - service sch_log4j.xml: /opt/stf/bin/../service/weixin/sch_log4j.xml
[10-28 15:19:31 667 INFO ] [main] scheduler.bootstrap.Main - default sch_log4j.xml: /opt/stf/bin/sch_log4j.xml
[10-28 15:19:31 667 INFO ] [main] scheduler.bootstrap.Main - -----------------loading global jars------------------
[10-28 15:19:31 691 INFO ] [main] scheduler.core.GlobalClassLoader - append jar to classpath:file:/opt/stf/lib/commons-codec-1.6.jar
[10-28 15:19:31 692 INFO ] [main] scheduler.core.GlobalClassLoader - append jar to classpath:file:/opt/stf/lib/jyaml-1.3.jar
[10-28 15:19:31 692 INFO ] [main] scheduler.core.GlobalClassLoader - append jar to classpath:file:/opt/stf/lib/sqljdbc4-2.0.jar
[10-28 15:19:31 693 INFO ] [main] scheduler.core.GlobalClassLoader - append jar to classpath:file:/opt/stf/lib/jta-1.1.jar
[10-28 15:19:31 693 INFO ] [main] scheduler.core.GlobalClassLoader - append jar to classpath:file:/opt/stf/lib/commons-logging-1.1.1.jar
[10-28 15:19:31 694 INFO ] [main] scheduler.core.GlobalClassLoader - append jar to classpath:file:/opt/stf/lib/slf4j-log4j12-1.6.1.jar
[10-28 15:19:31 695 INFO ] [main] scheduler.core.GlobalClassLoader - append jar to classpath:file:/opt/stf/lib/slf4j-api-1.6.1.jar
[10-28 15:19:31 695 INFO ] [main] scheduler.core.GlobalClassLoader - append jar to classpath:file:/opt/stf/lib/commons-logging-api-1.1.jar
[10-28 15:19:31 696 INFO ] [main] scheduler.core.GlobalClassLoader - append jar to classpath:file:/opt/stf/lib/commons-collections-3.2.jar
[10-28 15:19:31 696 INFO ] [main] scheduler.core.GlobalClassLoader - append jar to classpath:file:/opt/stf/lib/cn.hofan.spat.scheduler-0.0.1-SNAPSHOT.jar
[10-28 15:19:31 697 INFO ] [main] scheduler.core.GlobalClassLoader - append jar to classpath:file:/opt/stf/lib/log4j-1.2.16.jar
[10-28 15:19:31 697 INFO ] [main] scheduler.core.GlobalClassLoader - append jar to classpath:file:/opt/stf/lib/quartz-1.6.0.jar
[10-28 15:19:31 698 INFO ] [main] scheduler.core.GlobalClassLoader - append jar to classpath:file:/opt/stf/lib/cn.hofan.spat.dal-0.0.1-SNAPSHOT.jar
[10-28 15:19:31 699 INFO ] [main] scheduler.core.GlobalClassLoader - append jar to classpath:file:/opt/stf/lib/mysql-connector-java-5.1.6.jar
[10-28 15:19:31 699 INFO ] [main] scheduler.core.GlobalClassLoader - append jar to classpath:file:/opt/stf/service/weixin/lib/cn.hofan.spat.ums-0.0.1-SNAPSHOT.jar
[10-28 15:19:31 700 INFO ] [main] scheduler.core.GlobalClassLoader - append jar to classpath:file:/opt/stf/service/weixin/lib/com.bj58.spat.gaea.serializer-1.0.0.jar
[10-28 15:19:31 708 INFO ] [main] scheduler.core.GlobalClassLoader - append jar to classpath:file:/opt/stf/service/weixin/lib/sqljdbc4-4.0.jar
[10-28 15:19:31 710 INFO ] [main] scheduler.core.GlobalClassLoader - append jar to classpath:file:/opt/stf/service/weixin/lib/jackson-mapper-asl-1.8.1.jar
[10-28 15:19:31 710 INFO ] [main] scheduler.core.GlobalClassLoader - append jar to classpath:file:/opt/stf/service/weixin/lib/geronimo-jms_1.1_spec-1.1.1.jar
[10-28 15:19:31 711 INFO ] [main] scheduler.core.GlobalClassLoader - append jar to classpath:file:/opt/stf/service/weixin/lib/geronimo-j2ee-management_1.1_spec-1.0.1.jar
[10-28 15:19:31 712 INFO ] [main] scheduler.core.GlobalClassLoader - append jar to classpath:file:/opt/stf/service/weixin/lib/activemq-protobuf-1.1.jar
[10-28 15:19:31 713 INFO ] [main] scheduler.core.GlobalClassLoader - append jar to classpath:file:/opt/stf/service/weixin/lib/com.bj58.spat.gaea.protocol-1.0.0.jar
[10-28 15:19:31 713 INFO ] [main] scheduler.core.GlobalClassLoader - append jar to classpath:file:/opt/stf/service/weixin/lib/httpclient-4.3.4.jar
[10-28 15:19:31 714 INFO ] [main] scheduler.core.GlobalClassLoader - append jar to classpath:file:/opt/stf/service/weixin/lib/persistence-api-1.0.jar
[10-28 15:19:31 715 INFO ] [main] scheduler.core.GlobalClassLoader - append jar to classpath:file:/opt/stf/service/weixin/lib/slf4j-api-1.6.2.jar
[10-28 15:19:31 715 INFO ] [main] scheduler.core.GlobalClassLoader - append jar to classpath:file:/opt/stf/service/weixin/lib/aopalliance-1.0.jar
[10-28 15:19:31 716 INFO ] [main] scheduler.core.GlobalClassLoader - append jar to classpath:file:/opt/stf/service/weixin/lib/stringtemplate-3.2.1.jar
[10-28 15:19:31 716 INFO ] [main] scheduler.core.GlobalClassLoader - append jar to classpath:file:/opt/stf/service/weixin/lib/cn.hofan.spat.dal-0.0.2-SNAPSHOT.jar
[10-28 15:19:31 717 INFO ] [main] scheduler.core.GlobalClassLoader - append jar to classpath:file:/opt/stf/service/weixin/lib/commons-lang3-3.1.jar
[10-28 15:19:31 723 INFO ] [main] scheduler.core.GlobalClassLoader - append jar to classpath:file:/opt/stf/service/weixin/lib/antlr-runtime-3.3.jar
[10-28 15:19:31 723 INFO ] [main] scheduler.core.GlobalClassLoader - append jar to classpath:file:/opt/stf/service/weixin/lib/hawtdispatch-transport-1.11.jar
[10-28 15:19:31 724 INFO ] [main] scheduler.core.GlobalClassLoader - append jar to classpath:file:/opt/stf/service/weixin/lib/spring-core-3.0.7.RELEASE.jar
[10-28 15:19:31 724 INFO ] [main] scheduler.core.GlobalClassLoader - append jar to classpath:file:/opt/stf/service/weixin/lib/cn.hofan.spat.esb.jms.client-0.0.1-SNAPSHOT.jar
[10-28 15:19:31 725 INFO ] [main] scheduler.core.GlobalClassLoader - append jar to classpath:file:/opt/stf/service/weixin/lib/hawtdispatch-1.11.jar
[10-28 15:19:31 725 INFO ] [main] scheduler.core.GlobalClassLoader - append jar to classpath:file:/opt/stf/service/weixin/lib/weixin-gaeaservice-contract-0.0.1-SNAPSHOT.jar
[10-28 15:19:31 726 INFO ] [main] scheduler.core.GlobalClassLoader - append jar to classpath:file:/opt/stf/service/weixin/lib/spring-context-3.0.7.RELEASE.jar
[10-28 15:19:31 726 INFO ] [main] scheduler.core.GlobalClassLoader - append jar to classpath:file:/opt/stf/service/weixin/lib/mail-1.4.5.jar
[10-28 15:19:31 727 INFO ] [main] scheduler.core.GlobalClassLoader - append jar to classpath:file:/opt/stf/service/weixin/lib/spring-beans-3.0.7.RELEASE.jar
[10-28 15:19:31 727 INFO ] [main] scheduler.core.GlobalClassLoader - append jar to classpath:file:/opt/stf/service/weixin/lib/weixin-timing-0.0.1-SNAPSHOT.jar
[10-28 15:19:31 727 INFO ] [main] scheduler.core.GlobalClassLoader - append jar to classpath:file:/opt/stf/service/weixin/lib/jasypt-1.9.0.jar
[10-28 15:19:31 728 INFO ] [main] scheduler.core.GlobalClassLoader - append jar to classpath:file:/opt/stf/service/weixin/lib/spring-aop-3.0.7.RELEASE.jar
[10-28 15:19:31 728 INFO ] [main] scheduler.core.GlobalClassLoader - append jar to classpath:file:/opt/stf/service/weixin/lib/slf4j-log4j12-1.6.2.jar
[10-28 15:19:31 729 INFO ] [main] scheduler.core.GlobalClassLoader - append jar to classpath:file:/opt/stf/service/weixin/lib/kahadb-5.7.0.jar
[10-28 15:19:31 729 INFO ] [main] scheduler.core.GlobalClassLoader - append jar to classpath:file:/opt/stf/service/weixin/lib/commons-net-3.1.jar
[10-28 15:19:31 730 INFO ] [main] scheduler.core.GlobalClassLoader - append jar to classpath:file:/opt/stf/service/weixin/lib/activation-1.1.jar
[10-28 15:19:31 730 INFO ] [main] scheduler.core.GlobalClassLoader - append jar to classpath:file:/opt/stf/service/weixin/lib/cn.hofan.spat.jms.client.db-0.0.1-SNAPSHOT.jar
[10-28 15:19:31 732 INFO ] [main] scheduler.core.GlobalClassLoader - append jar to classpath:file:/opt/stf/service/weixin/lib/httpcore-4.3.2.jar
[10-28 15:19:31 733 INFO ] [main] scheduler.core.GlobalClassLoader - append jar to classpath:file:/opt/stf/service/weixin/lib/jackson-core-asl-1.8.1.jar
[10-28 15:19:31 733 INFO ] [main] scheduler.core.GlobalClassLoader - append jar to classpath:file:/opt/stf/service/weixin/lib/logistic-track-client-1.0.0-SNAPSHOT.jar
[10-28 15:19:31 734 INFO ] [main] scheduler.core.GlobalClassLoader - append jar to classpath:file:/opt/stf/service/weixin/lib/hawtbuf-1.9.jar
[10-28 15:19:31 734 INFO ] [main] scheduler.core.GlobalClassLoader - append jar to classpath:file:/opt/stf/service/weixin/lib/bcprov-jdk16-1.46.jar
[10-28 15:19:31 735 INFO ] [main] scheduler.core.GlobalClassLoader - append jar to classpath:file:/opt/stf/service/weixin/lib/mqtt-client-1.3.jar
[10-28 15:19:31 735 INFO ] [main] scheduler.core.GlobalClassLoader - append jar to classpath:file:/opt/stf/service/weixin/lib/cn.hofan.spat.threadpool-0.0.1-SNAPSHOT.jar
[10-28 15:19:31 736 INFO ] [main] scheduler.core.GlobalClassLoader - append jar to classpath:file:/opt/stf/service/weixin/lib/junit-4.8.2.jar
[10-28 15:19:31 736 INFO ] [main] scheduler.core.GlobalClassLoader - append jar to classpath:file:/opt/stf/service/weixin/lib/log4j-1.2.12.jar
[10-28 15:19:31 737 INFO ] [main] scheduler.core.GlobalClassLoader - append jar to classpath:file:/opt/stf/service/weixin/lib/antlr-3.3.jar
[10-28 15:19:31 737 INFO ] [main] scheduler.core.GlobalClassLoader - append jar to classpath:file:/opt/stf/service/weixin/lib/mysql-connector-java-5.1.20.jar
[10-28 15:19:31 738 INFO ] [main] scheduler.core.GlobalClassLoader - append jar to classpath:file:/opt/stf/service/weixin/lib/ebean-2.7.1.jar
[10-28 15:19:31 739 INFO ] [main] scheduler.core.GlobalClassLoader - append jar to classpath:file:/opt/stf/service/weixin/lib/spring-asm-3.0.7.RELEASE.jar
[10-28 15:19:31 739 INFO ] [main] scheduler.core.GlobalClassLoader - append jar to classpath:file:/opt/stf/service/weixin/lib/com.bj58.spat.gaea.server-1.0.0.jar
[10-28 15:19:31 740 INFO ] [main] scheduler.core.GlobalClassLoader - append jar to classpath:file:/opt/stf/service/weixin/lib/com.bj58.spat.gaea.client-1.0.0.jar
[10-28 15:19:31 740 INFO ] [main] scheduler.core.GlobalClassLoader - append jar to classpath:file:/opt/stf/service/weixin/lib/spring-expression-3.0.7.RELEASE.jar
[10-28 15:19:31 741 INFO ] [main] scheduler.core.GlobalClassLoader - append jar to classpath:file:/opt/stf/service/weixin/lib/antlr-2.7.7.jar
[10-28 15:19:31 741 INFO ] [main] scheduler.core.GlobalClassLoader - append jar to classpath:file:/opt/stf/service/weixin/lib/httpclient-1.0.jar
[10-28 15:19:31 742 INFO ] [main] scheduler.core.GlobalClassLoader - append jar to classpath:file:/opt/stf/service/weixin/lib/activemq-core-5.7.0.jar
[10-28 15:19:31 742 INFO ] [main] scheduler.bootstrap.Main - -------------------------end-------------------------

[10-28 15:19:31 743 INFO ] [main] scheduler.bootstrap.Main - -----------------Check the necessary files ------------------
[10-28 15:19:31 748 INFO ] [main] scheduler.bootstrap.Main - quartzconfigfile=/opt/stf/bin/../service/weixin/config/sch_config.properties
[10-28 15:19:31 759 INFO ] [main] scheduler.scheduler.DefaultQuartzProperties - quarzt properties:org.quartz.threadPool.threadsInheritContextClassLoaderOfInitializingThread  value:true
[10-28 15:19:31 759 INFO ] [main] scheduler.scheduler.DefaultQuartzProperties - quarzt properties:org.quartz.scheduler.rmi.proxy  value:false
[10-28 15:19:31 760 INFO ] [main] scheduler.scheduler.DefaultQuartzProperties - quarzt properties:org.quartz.scheduler.rmi.export  value:false
[10-28 15:19:31 760 INFO ] [main] scheduler.scheduler.DefaultQuartzProperties - quarzt properties:org.quartz.dataSource.myDS.connectionProvider.class  value:cn.hofan.spat.scheduler.dao.ConnnectionProviderImpl
[10-28 15:19:31 760 INFO ] [main] scheduler.scheduler.DefaultQuartzProperties - quarzt properties:org.quartz.threadPool.threadCount  value:10
[10-28 15:19:31 762 INFO ] [main] scheduler.scheduler.DefaultQuartzProperties - quarzt properties:org.quartz.scheduler.instanceName  value:weixin
[10-28 15:19:31 762 INFO ] [main] scheduler.scheduler.DefaultQuartzProperties - quarzt properties:org.quartz.scheduler.wrapJobExecutionInUserTransaction  value:false
[10-28 15:19:31 764 INFO ] [main] scheduler.scheduler.DefaultQuartzProperties - quarzt properties:org.quartz.threadPool.class  value:org.quartz.simpl.SimpleThreadPool
[10-28 15:19:31 764 INFO ] [main] scheduler.scheduler.DefaultQuartzProperties - quarzt properties:org.quartz.jobStore.class  value:org.quartz.simpl.RAMJobStore
[10-28 15:19:31 765 INFO ] [main] scheduler.scheduler.DefaultQuartzProperties - quarzt properties:org.quartz.scheduler.instanceId  value:TimingJob1446016771757
[10-28 15:19:31 767 INFO ] [main] scheduler.scheduler.DefaultQuartzProperties - quarzt properties:org.quartz.threadPool.threadPriority  value:5
[10-28 15:19:31 776 INFO ] [main] scheduler.bootstrap.Main - -----------------Check the necessary end ------------------
[10-28 15:19:31 777 INFO ] [main] scheduler.bootstrap.Main - -----------------start scheduler ------------------
[10-28 15:19:31 778 INFO ] [main] scheduler.bootstrap.Main - jobdetail class=cn.hofan.provider.TimingJob
[10-28 15:19:32 300 INFO ] [main] scheduler.scheduler.JobDetailFactory - -----------create jobdetail success------------
[10-28 15:19:32 307 INFO ] [main] scheduler.scheduler.TriggerFactory - ---------------------tigger type=CronTrigger
[10-28 15:19:32 321 INFO ] [main] scheduler.scheduler.TriggerFactory - ---------------------create CronTrigger success
[10-28 15:19:32 322 INFO ] [main] scheduler.bootstrap.Main - jobdetaillistener------null--------
[10-28 15:19:32 325 INFO ] [main] scheduler.scheduler.JobScheduler - -----------------------------init scheduler ------------------------------------
[10-28 15:19:32 465 INFO ] [main] quartz.simpl.SimpleThreadPool - Job execution threads will use class loader of thread: main
[10-28 15:19:32 518 INFO ] [main] quartz.core.QuartzScheduler - Quartz Scheduler v.1.6.0 created.
[10-28 15:19:32 526 INFO ] [main] quartz.simpl.RAMJobStore - RAMJobStore initialized.
[10-28 15:19:32 526 INFO ] [main] quartz.impl.StdSchedulerFactory - Quartz scheduler 'weixin' initialized from an externally provided properties instance.
[10-28 15:19:32 528 INFO ] [main] quartz.impl.StdSchedulerFactory - Quartz scheduler version: 1.6.0
[10-28 15:19:32 556 INFO ] [main] quartz.core.QuartzScheduler - Scheduler weixin_$_TimingJob1446016771757 started.
[10-28 15:19:32 556 INFO ] [main] scheduler.bootstrap.Main - -----------------start scheduler success ------------------
[10-28 15:20:00 038 INFO ] [weixin_Worker-1] hofan.provider.TimingJob - ------开始执行定时器的一次心跳： 2015-10-28 15:20:00------
[10-28 15:20:00 114 INFO ] [weixin_Worker-1] hofan.provider.TimingJob - 当前时间点： 2015-10-28 15:20:00，待执行作业总数:1
[10-28 15:20:00 115 INFO ] [weixin_Worker-1] hofan.application.SendallByGroupJobHandler - ==开始按组群发图文消息==
[10-28 15:20:16 971 INFO ] [weixin_Worker-1] client.loadbalance.Server - Gaea Client v1.0.0:starting init servers
[10-28 15:20:17 209 INFO ] [weixin_Worker-1] communication.socket.ScoketPool - Gaea Client v1.0.0:init servers end
[10-28 15:20:17 301 INFO ] [weixin_Worker-1] communication.socket.Worker - Gaea Client v1.0.0:MaxPakageSize:10240000
[10-28 15:20:17 301 INFO ] [weixin_Worker-1] communication.socket.Worker - Gaea Client v1.0.0:SendBufferSize:8388608
[10-28 15:20:17 302 INFO ] [weixin_Worker-1] communication.socket.Worker - Gaea Client v1.0.0:RecvBufferSize:8388608
[10-28 15:20:17 303 INFO ] [weixin_Worker-1] communication.socket.Worker - Gaea Client v1.0.0:create a new connection :Socket[addr=/192.168.3.77,port=10086,localport=50655]
[10-28 15:20:47 479 ERROR] [weixin_Worker-1] hofan.application.SendallByGroupJobHandler - 出错
com.bj58.spat.gaea.protocol.exception.OtherException: error num:9517605219167175--state:OtherException--Message:async task timeout!com.bj58.spat.gaea.server.util.async.AsyncWorker.execTimeoutTask(AsyncWorker.java:138)---com.bj58.spat.gaea.server.util.async.AsyncWorker.run(AsyncWorker.java:64)---
	at com.bj58.spat.gaea.protocol.exception.ThrowErrorHelper.throwServiceError(ThrowErrorHelper.java:35)
	at com.bj58.spat.gaea.client.proxy.ServiceProxy.invoke(ServiceProxy.java:183)
	at com.bj58.spat.gaea.client.proxy.builder.MethodCaller.doMethodCall(MethodCaller.java:85)
	at com.bj58.spat.gaea.client.proxy.builder.ProxyStandard.invoke(ProxyStandard.java:58)
	at com.sun.proxy.$Proxy0.sendallByGroup(Unknown Source)
	at cn.hofan.application.SendallByGroupJobHandler.Run(SendallByGroupJobHandler.java:44)
	at cn.hofan.provider.TimingJob.execute(TimingJob.java:38)
	at org.quartz.core.JobRunShell.run(JobRunShell.java:202)
	at org.quartz.simpl.SimpleThreadPool$WorkerThread.run(SimpleThreadPool.java:529)
[10-28 15:20:47 481 INFO ] [weixin_Worker-1] hofan.application.SendallByGroupJobHandler - 失败
[10-28 15:20:47 481 INFO ] [weixin_Worker-1] hofan.provider.TimingJob - 已执行作业数： 1,待执行作业数：0
[10-28 15:20:47 481 INFO ] [weixin_Worker-1] hofan.provider.TimingJob - 当前时间点： 2015-10-28 15:20:47线程睡了
[10-28 15:20:48 482 INFO ] [weixin_Worker-1] hofan.provider.TimingJob - 当前时间点： 2015-10-28 15:20:48线程醒了
[10-28 15:20:48 482 INFO ] [weixin_Worker-1] hofan.provider.TimingJob - ------结束执行定时器的此次心跳： 2015-10-28 15:20:48------
