[10-21 00:01:00 084 INFO ] [weixin_Worker-10] hofan.provider.TimingJob - ------开始执行定时器的一次心跳： 2015-10-21 00:01:00------
[10-21 00:01:00 181 INFO ] [weixin_Worker-10] hofan.provider.TimingJob - 当前时间点无可执行的作业： 2015-10-21 00:01:00
[10-21 01:01:00 073 INFO ] [weixin_Worker-1] hofan.provider.TimingJob - ------开始执行定时器的一次心跳： 2015-10-21 01:01:00------
[10-21 01:01:00 096 INFO ] [weixin_Worker-1] hofan.provider.TimingJob - 当前时间点无可执行的作业： 2015-10-21 01:01:00
[10-21 02:01:00 091 INFO ] [weixin_Worker-2] hofan.provider.TimingJob - ------开始执行定时器的一次心跳： 2015-10-21 02:01:00------
[10-21 02:01:00 098 INFO ] [weixin_Worker-2] hofan.provider.TimingJob - 当前时间点无可执行的作业： 2015-10-21 02:01:00
[10-21 03:01:00 022 INFO ] [weixin_Worker-3] hofan.provider.TimingJob - ------开始执行定时器的一次心跳： 2015-10-21 03:01:00------
[10-21 03:01:00 023 INFO ] [weixin_Worker-3] hofan.provider.TimingJob - 当前时间点无可执行的作业： 2015-10-21 03:01:00
[10-21 04:01:00 013 INFO ] [weixin_Worker-4] hofan.provider.TimingJob - ------开始执行定时器的一次心跳： 2015-10-21 04:01:00------
[10-21 04:01:00 020 INFO ] [weixin_Worker-4] hofan.provider.TimingJob - 当前时间点无可执行的作业： 2015-10-21 04:01:00
[10-21 05:01:00 017 INFO ] [weixin_Worker-5] hofan.provider.TimingJob - ------开始执行定时器的一次心跳： 2015-10-21 05:01:00------
[10-21 05:01:00 018 INFO ] [weixin_Worker-5] hofan.provider.TimingJob - 当前时间点无可执行的作业： 2015-10-21 05:01:00
[10-21 06:01:00 016 INFO ] [weixin_Worker-6] hofan.provider.TimingJob - ------开始执行定时器的一次心跳： 2015-10-21 06:01:00------
[10-21 06:01:00 017 INFO ] [weixin_Worker-6] hofan.provider.TimingJob - 当前时间点无可执行的作业： 2015-10-21 06:01:00
[10-21 07:01:00 025 INFO ] [weixin_Worker-7] hofan.provider.TimingJob - ------开始执行定时器的一次心跳： 2015-10-21 07:01:00------
[10-21 07:01:00 031 INFO ] [weixin_Worker-7] hofan.provider.TimingJob - 当前时间点无可执行的作业： 2015-10-21 07:01:00
[10-21 08:01:00 029 INFO ] [weixin_Worker-8] hofan.provider.TimingJob - ------开始执行定时器的一次心跳： 2015-10-21 08:01:00------
[10-21 08:01:00 046 INFO ] [weixin_Worker-8] hofan.provider.TimingJob - 当前时间点无可执行的作业： 2015-10-21 08:01:00
[10-21 09:01:00 028 INFO ] [weixin_Worker-9] hofan.provider.TimingJob - ------开始执行定时器的一次心跳： 2015-10-21 09:01:00------
[10-21 09:01:00 028 INFO ] [weixin_Worker-9] hofan.provider.TimingJob - 当前时间点无可执行的作业： 2015-10-21 09:01:00
[10-21 10:01:00 168 INFO ] [weixin_Worker-10] hofan.provider.TimingJob - ------开始执行定时器的一次心跳： 2015-10-21 10:01:00------
[10-21 10:01:00 189 INFO ] [weixin_Worker-10] hofan.provider.TimingJob - 当前时间点无可执行的作业： 2015-10-21 10:01:00
[10-21 11:01:00 242 INFO ] [weixin_Worker-1] hofan.provider.TimingJob - ------开始执行定时器的一次心跳： 2015-10-21 11:01:00------
[10-21 11:01:00 274 INFO ] [weixin_Worker-1] hofan.provider.TimingJob - 当前时间点无可执行的作业： 2015-10-21 11:01:00
[10-21 12:01:00 143 INFO ] [weixin_Worker-2] hofan.provider.TimingJob - ------开始执行定时器的一次心跳： 2015-10-21 12:01:00------
[10-21 12:01:00 177 INFO ] [weixin_Worker-2] hofan.provider.TimingJob - 当前时间点无可执行的作业： 2015-10-21 12:01:00
[10-21 13:01:00 054 INFO ] [weixin_Worker-3] hofan.provider.TimingJob - ------开始执行定时器的一次心跳： 2015-10-21 13:01:00------
[10-21 13:01:00 063 INFO ] [weixin_Worker-3] hofan.provider.TimingJob - 当前时间点无可执行的作业： 2015-10-21 13:01:00
[10-21 14:01:00 011 INFO ] [weixin_Worker-4] hofan.provider.TimingJob - ------开始执行定时器的一次心跳： 2015-10-21 14:01:00------
[10-21 14:01:00 019 INFO ] [weixin_Worker-4] hofan.provider.TimingJob - 当前时间点无可执行的作业： 2015-10-21 14:01:00
[10-21 15:01:00 167 INFO ] [weixin_Worker-5] hofan.provider.TimingJob - ------开始执行定时器的一次心跳： 2015-10-21 15:01:00------
[10-21 15:01:00 196 INFO ] [weixin_Worker-5] hofan.provider.TimingJob - 当前时间点： 2015-10-21 15:01:00，待执行作业总数:1
[10-21 15:01:00 196 INFO ] [weixin_Worker-5] hofan.application.SendallByGroupJobHandler - ==开始按组群发图文消息==
[10-21 15:01:11 358 WARN ] [weixin_Worker-5] communication.socket.Handle - Gaea Client v1.0.0:method:sendallByGroup invoke time :11129
[10-21 15:01:11 361 INFO ] [weixin_Worker-5] hofan.application.SendallByGroupJobHandler - 成功
[10-21 15:01:11 365 INFO ] [weixin_Worker-5] hofan.provider.TimingJob - 已执行作业数： 1,待执行作业数：0
[10-21 15:01:11 369 INFO ] [weixin_Worker-5] hofan.provider.TimingJob - 当前时间点： 2015-10-21 15:01:11线程睡了
[10-21 15:01:12 440 INFO ] [weixin_Worker-5] hofan.provider.TimingJob - 当前时间点： 2015-10-21 15:01:12线程醒了
[10-21 15:01:12 446 INFO ] [weixin_Worker-5] hofan.provider.TimingJob - ------结束执行定时器的此次心跳： 2015-10-21 15:01:12------
[10-21 16:01:00 247 INFO ] [weixin_Worker-6] hofan.provider.TimingJob - ------开始执行定时器的一次心跳： 2015-10-21 16:01:00------
[10-21 16:01:00 314 INFO ] [weixin_Worker-6] hofan.provider.TimingJob - 当前时间点： 2015-10-21 16:01:00，待执行作业总数:1
[10-21 16:01:00 314 INFO ] [weixin_Worker-6] hofan.application.SendallByGroupJobHandler - ==开始按组群发图文消息==
[10-21 16:01:03 296 WARN ] [weixin_Worker-6] communication.socket.Handle - Gaea Client v1.0.0:method:sendallByGroup invoke time :2981
[10-21 16:01:03 296 INFO ] [weixin_Worker-6] hofan.application.SendallByGroupJobHandler - 失败
[10-21 16:01:03 304 INFO ] [weixin_Worker-6] hofan.provider.TimingJob - 已执行作业数： 1,待执行作业数：0
[10-21 16:01:03 304 INFO ] [weixin_Worker-6] hofan.provider.TimingJob - 当前时间点： 2015-10-21 16:01:03线程睡了
[10-21 16:01:04 305 INFO ] [weixin_Worker-6] hofan.provider.TimingJob - 当前时间点： 2015-10-21 16:01:04线程醒了
[10-21 16:01:04 305 INFO ] [weixin_Worker-6] hofan.provider.TimingJob - ------结束执行定时器的此次心跳： 2015-10-21 16:01:04------
[10-21 17:01:00 291 INFO ] [weixin_Worker-7] hofan.provider.TimingJob - ------开始执行定时器的一次心跳： 2015-10-21 17:01:00------
[10-21 17:01:00 332 INFO ] [weixin_Worker-7] hofan.provider.TimingJob - 当前时间点： 2015-10-21 17:01:00，待执行作业总数:1
[10-21 17:01:00 375 INFO ] [weixin_Worker-7] hofan.application.SendallByGroupJobHandler - ==开始按组群发图文消息==
[10-21 17:01:04 290 WARN ] [weixin_Worker-7] communication.socket.Handle - Gaea Client v1.0.0:method:sendallByGroup invoke time :3899
[10-21 17:01:04 389 INFO ] [weixin_Worker-7] hofan.application.SendallByGroupJobHandler - 失败
[10-21 17:01:04 390 INFO ] [weixin_Worker-7] hofan.provider.TimingJob - 已执行作业数： 1,待执行作业数：0
[10-21 17:01:04 396 INFO ] [weixin_Worker-7] hofan.provider.TimingJob - 当前时间点： 2015-10-21 17:01:04线程睡了
[10-21 17:01:05 397 INFO ] [weixin_Worker-7] hofan.provider.TimingJob - 当前时间点： 2015-10-21 17:01:05线程醒了
[10-21 17:01:05 402 INFO ] [weixin_Worker-7] hofan.provider.TimingJob - ------结束执行定时器的此次心跳： 2015-10-21 17:01:05------
[10-21 18:01:00 292 INFO ] [weixin_Worker-8] hofan.provider.TimingJob - ------开始执行定时器的一次心跳： 2015-10-21 18:01:00------
[10-21 18:01:00 325 INFO ] [weixin_Worker-8] hofan.provider.TimingJob - 当前时间点无可执行的作业： 2015-10-21 18:01:00
[10-21 19:01:00 315 INFO ] [weixin_Worker-9] hofan.provider.TimingJob - ------开始执行定时器的一次心跳： 2015-10-21 19:01:00------
[10-21 19:01:00 367 INFO ] [weixin_Worker-9] hofan.provider.TimingJob - 当前时间点无可执行的作业： 2015-10-21 19:01:00
[10-21 20:01:00 115 INFO ] [weixin_Worker-10] hofan.provider.TimingJob - ------开始执行定时器的一次心跳： 2015-10-21 20:01:00------
[10-21 20:01:00 168 INFO ] [weixin_Worker-10] hofan.provider.TimingJob - 当前时间点无可执行的作业： 2015-10-21 20:01:00
[10-21 21:01:00 060 INFO ] [weixin_Worker-1] hofan.provider.TimingJob - ------开始执行定时器的一次心跳： 2015-10-21 21:01:00------
[10-21 21:01:00 062 INFO ] [weixin_Worker-1] hofan.provider.TimingJob - 当前时间点无可执行的作业： 2015-10-21 21:01:00
[10-21 22:01:00 120 INFO ] [weixin_Worker-2] hofan.provider.TimingJob - ------开始执行定时器的一次心跳： 2015-10-21 22:01:00------
[10-21 22:01:00 130 INFO ] [weixin_Worker-2] hofan.provider.TimingJob - 当前时间点无可执行的作业： 2015-10-21 22:01:00
[10-21 23:01:00 046 INFO ] [weixin_Worker-3] hofan.provider.TimingJob - ------开始执行定时器的一次心跳： 2015-10-21 23:01:00------
[10-21 23:01:00 055 INFO ] [weixin_Worker-3] hofan.provider.TimingJob - 当前时间点无可执行的作业： 2015-10-21 23:01:00
