[10-26 17:52:33 371 INFO ] [main] scheduler.bootstrap.Main - +++++++++++++++++++++ staring +++++++++++++++++++++

[10-26 17:52:33 374 INFO ] [main] scheduler.bootstrap.Main - user.dir: /opt/stf/bin
[10-26 17:52:33 375 INFO ] [main] scheduler.bootstrap.Main - rootPath: /opt/stf/bin/../
[10-26 17:52:33 375 INFO ] [main] scheduler.bootstrap.Main - service sch_log4j.xml: /opt/stf/bin/../service/weixin/sch_log4j.xml
[10-26 17:52:33 376 INFO ] [main] scheduler.bootstrap.Main - default sch_log4j.xml: /opt/stf/bin/sch_log4j.xml
[10-26 17:52:33 377 INFO ] [main] scheduler.bootstrap.Main - -----------------loading global jars------------------
[10-26 17:52:33 409 INFO ] [main] scheduler.core.GlobalClassLoader - append jar to classpath:file:/opt/stf/lib/commons-codec-1.6.jar
[10-26 17:52:33 410 INFO ] [main] scheduler.core.GlobalClassLoader - append jar to classpath:file:/opt/stf/lib/jyaml-1.3.jar
[10-26 17:52:33 411 INFO ] [main] scheduler.core.GlobalClassLoader - append jar to classpath:file:/opt/stf/lib/sqljdbc4-2.0.jar
[10-26 17:52:33 412 INFO ] [main] scheduler.core.GlobalClassLoader - append jar to classpath:file:/opt/stf/lib/jta-1.1.jar
[10-26 17:52:33 412 INFO ] [main] scheduler.core.GlobalClassLoader - append jar to classpath:file:/opt/stf/lib/commons-logging-1.1.1.jar
[10-26 17:52:33 413 INFO ] [main] scheduler.core.GlobalClassLoader - append jar to classpath:file:/opt/stf/lib/slf4j-log4j12-1.6.1.jar
[10-26 17:52:33 414 INFO ] [main] scheduler.core.GlobalClassLoader - append jar to classpath:file:/opt/stf/lib/slf4j-api-1.6.1.jar
[10-26 17:52:33 414 INFO ] [main] scheduler.core.GlobalClassLoader - append jar to classpath:file:/opt/stf/lib/commons-logging-api-1.1.jar
[10-26 17:52:33 415 INFO ] [main] scheduler.core.GlobalClassLoader - append jar to classpath:file:/opt/stf/lib/commons-collections-3.2.jar
[10-26 17:52:33 416 INFO ] [main] scheduler.core.GlobalClassLoader - append jar to classpath:file:/opt/stf/lib/cn.hofan.spat.scheduler-0.0.1-SNAPSHOT.jar
[10-26 17:52:33 416 INFO ] [main] scheduler.core.GlobalClassLoader - append jar to classpath:file:/opt/stf/lib/log4j-1.2.16.jar
[10-26 17:52:33 417 INFO ] [main] scheduler.core.GlobalClassLoader - append jar to classpath:file:/opt/stf/lib/quartz-1.6.0.jar
[10-26 17:52:33 417 INFO ] [main] scheduler.core.GlobalClassLoader - append jar to classpath:file:/opt/stf/lib/cn.hofan.spat.dal-0.0.1-SNAPSHOT.jar
[10-26 17:52:33 418 INFO ] [main] scheduler.core.GlobalClassLoader - append jar to classpath:file:/opt/stf/lib/mysql-connector-java-5.1.6.jar
[10-26 17:52:33 419 INFO ] [main] scheduler.core.GlobalClassLoader - append jar to classpath:file:/opt/stf/service/weixin/lib/cn.hofan.spat.ums-0.0.1-SNAPSHOT.jar
[10-26 17:52:33 420 INFO ] [main] scheduler.core.GlobalClassLoader - append jar to classpath:file:/opt/stf/service/weixin/lib/com.bj58.spat.gaea.serializer-1.0.0.jar
[10-26 17:52:33 429 INFO ] [main] scheduler.core.GlobalClassLoader - append jar to classpath:file:/opt/stf/service/weixin/lib/sqljdbc4-4.0.jar
[10-26 17:52:33 430 INFO ] [main] scheduler.core.GlobalClassLoader - append jar to classpath:file:/opt/stf/service/weixin/lib/jackson-mapper-asl-1.8.1.jar
[10-26 17:52:33 431 INFO ] [main] scheduler.core.GlobalClassLoader - append jar to classpath:file:/opt/stf/service/weixin/lib/geronimo-jms_1.1_spec-1.1.1.jar
[10-26 17:52:33 431 INFO ] [main] scheduler.core.GlobalClassLoader - append jar to classpath:file:/opt/stf/service/weixin/lib/geronimo-j2ee-management_1.1_spec-1.0.1.jar
[10-26 17:52:33 432 INFO ] [main] scheduler.core.GlobalClassLoader - append jar to classpath:file:/opt/stf/service/weixin/lib/activemq-protobuf-1.1.jar
[10-26 17:52:33 433 INFO ] [main] scheduler.core.GlobalClassLoader - append jar to classpath:file:/opt/stf/service/weixin/lib/com.bj58.spat.gaea.protocol-1.0.0.jar
[10-26 17:52:33 434 INFO ] [main] scheduler.core.GlobalClassLoader - append jar to classpath:file:/opt/stf/service/weixin/lib/httpclient-4.3.4.jar
[10-26 17:52:33 434 INFO ] [main] scheduler.core.GlobalClassLoader - append jar to classpath:file:/opt/stf/service/weixin/lib/persistence-api-1.0.jar
[10-26 17:52:33 435 INFO ] [main] scheduler.core.GlobalClassLoader - append jar to classpath:file:/opt/stf/service/weixin/lib/slf4j-api-1.6.2.jar
[10-26 17:52:33 435 INFO ] [main] scheduler.core.GlobalClassLoader - append jar to classpath:file:/opt/stf/service/weixin/lib/aopalliance-1.0.jar
[10-26 17:52:33 436 INFO ] [main] scheduler.core.GlobalClassLoader - append jar to classpath:file:/opt/stf/service/weixin/lib/stringtemplate-3.2.1.jar
[10-26 17:52:33 436 INFO ] [main] scheduler.core.GlobalClassLoader - append jar to classpath:file:/opt/stf/service/weixin/lib/cn.hofan.spat.dal-0.0.2-SNAPSHOT.jar
[10-26 17:52:33 437 INFO ] [main] scheduler.core.GlobalClassLoader - append jar to classpath:file:/opt/stf/service/weixin/lib/commons-lang3-3.1.jar
[10-26 17:52:33 438 INFO ] [main] scheduler.core.GlobalClassLoader - append jar to classpath:file:/opt/stf/service/weixin/lib/antlr-runtime-3.3.jar
[10-26 17:52:33 438 INFO ] [main] scheduler.core.GlobalClassLoader - append jar to classpath:file:/opt/stf/service/weixin/lib/hawtdispatch-transport-1.11.jar
[10-26 17:52:33 439 INFO ] [main] scheduler.core.GlobalClassLoader - append jar to classpath:file:/opt/stf/service/weixin/lib/spring-core-3.0.7.RELEASE.jar
[10-26 17:52:33 440 INFO ] [main] scheduler.core.GlobalClassLoader - append jar to classpath:file:/opt/stf/service/weixin/lib/cn.hofan.spat.esb.jms.client-0.0.1-SNAPSHOT.jar
[10-26 17:52:33 440 INFO ] [main] scheduler.core.GlobalClassLoader - append jar to classpath:file:/opt/stf/service/weixin/lib/hawtdispatch-1.11.jar
[10-26 17:52:33 441 INFO ] [main] scheduler.core.GlobalClassLoader - append jar to classpath:file:/opt/stf/service/weixin/lib/weixin-gaeaservice-contract-0.0.1-SNAPSHOT.jar
[10-26 17:52:33 441 INFO ] [main] scheduler.core.GlobalClassLoader - append jar to classpath:file:/opt/stf/service/weixin/lib/spring-context-3.0.7.RELEASE.jar
[10-26 17:52:33 442 INFO ] [main] scheduler.core.GlobalClassLoader - append jar to classpath:file:/opt/stf/service/weixin/lib/mail-1.4.5.jar
[10-26 17:52:33 443 INFO ] [main] scheduler.core.GlobalClassLoader - append jar to classpath:file:/opt/stf/service/weixin/lib/spring-beans-3.0.7.RELEASE.jar
[10-26 17:52:33 443 INFO ] [main] scheduler.core.GlobalClassLoader - append jar to classpath:file:/opt/stf/service/weixin/lib/weixin-timing-0.0.1-SNAPSHOT.jar
[10-26 17:52:33 444 INFO ] [main] scheduler.core.GlobalClassLoader - append jar to classpath:file:/opt/stf/service/weixin/lib/jasypt-1.9.0.jar
[10-26 17:52:33 444 INFO ] [main] scheduler.core.GlobalClassLoader - append jar to classpath:file:/opt/stf/service/weixin/lib/spring-aop-3.0.7.RELEASE.jar
[10-26 17:52:33 445 INFO ] [main] scheduler.core.GlobalClassLoader - append jar to classpath:file:/opt/stf/service/weixin/lib/slf4j-log4j12-1.6.2.jar
[10-26 17:52:33 445 INFO ] [main] scheduler.core.GlobalClassLoader - append jar to classpath:file:/opt/stf/service/weixin/lib/kahadb-5.7.0.jar
[10-26 17:52:33 446 INFO ] [main] scheduler.core.GlobalClassLoader - append jar to classpath:file:/opt/stf/service/weixin/lib/commons-net-3.1.jar
[10-26 17:52:33 446 INFO ] [main] scheduler.core.GlobalClassLoader - append jar to classpath:file:/opt/stf/service/weixin/lib/activation-1.1.jar
[10-26 17:52:33 447 INFO ] [main] scheduler.core.GlobalClassLoader - append jar to classpath:file:/opt/stf/service/weixin/lib/cn.hofan.spat.jms.client.db-0.0.1-SNAPSHOT.jar
[10-26 17:52:33 448 INFO ] [main] scheduler.core.GlobalClassLoader - append jar to classpath:file:/opt/stf/service/weixin/lib/httpcore-4.3.2.jar
[10-26 17:52:33 448 INFO ] [main] scheduler.core.GlobalClassLoader - append jar to classpath:file:/opt/stf/service/weixin/lib/jackson-core-asl-1.8.1.jar
[10-26 17:52:33 448 INFO ] [main] scheduler.core.GlobalClassLoader - append jar to classpath:file:/opt/stf/service/weixin/lib/logistic-track-client-1.0.0-SNAPSHOT.jar
[10-26 17:52:33 449 INFO ] [main] scheduler.core.GlobalClassLoader - append jar to classpath:file:/opt/stf/service/weixin/lib/hawtbuf-1.9.jar
[10-26 17:52:33 450 INFO ] [main] scheduler.core.GlobalClassLoader - append jar to classpath:file:/opt/stf/service/weixin/lib/bcprov-jdk16-1.46.jar
[10-26 17:52:33 450 INFO ] [main] scheduler.core.GlobalClassLoader - append jar to classpath:file:/opt/stf/service/weixin/lib/mqtt-client-1.3.jar
[10-26 17:52:33 451 INFO ] [main] scheduler.core.GlobalClassLoader - append jar to classpath:file:/opt/stf/service/weixin/lib/cn.hofan.spat.threadpool-0.0.1-SNAPSHOT.jar
[10-26 17:52:33 452 INFO ] [main] scheduler.core.GlobalClassLoader - append jar to classpath:file:/opt/stf/service/weixin/lib/junit-4.8.2.jar
[10-26 17:52:33 452 INFO ] [main] scheduler.core.GlobalClassLoader - append jar to classpath:file:/opt/stf/service/weixin/lib/log4j-1.2.12.jar
[10-26 17:52:33 453 INFO ] [main] scheduler.core.GlobalClassLoader - append jar to classpath:file:/opt/stf/service/weixin/lib/antlr-3.3.jar
[10-26 17:52:33 454 INFO ] [main] scheduler.core.GlobalClassLoader - append jar to classpath:file:/opt/stf/service/weixin/lib/mysql-connector-java-5.1.20.jar
[10-26 17:52:33 454 INFO ] [main] scheduler.core.GlobalClassLoader - append jar to classpath:file:/opt/stf/service/weixin/lib/ebean-2.7.1.jar
[10-26 17:52:33 455 INFO ] [main] scheduler.core.GlobalClassLoader - append jar to classpath:file:/opt/stf/service/weixin/lib/spring-asm-3.0.7.RELEASE.jar
[10-26 17:52:33 456 INFO ] [main] scheduler.core.GlobalClassLoader - append jar to classpath:file:/opt/stf/service/weixin/lib/com.bj58.spat.gaea.server-1.0.0.jar
[10-26 17:52:33 457 INFO ] [main] scheduler.core.GlobalClassLoader - append jar to classpath:file:/opt/stf/service/weixin/lib/com.bj58.spat.gaea.client-1.0.0.jar
[10-26 17:52:33 457 INFO ] [main] scheduler.core.GlobalClassLoader - append jar to classpath:file:/opt/stf/service/weixin/lib/spring-expression-3.0.7.RELEASE.jar
[10-26 17:52:33 458 INFO ] [main] scheduler.core.GlobalClassLoader - append jar to classpath:file:/opt/stf/service/weixin/lib/antlr-2.7.7.jar
[10-26 17:52:33 459 INFO ] [main] scheduler.core.GlobalClassLoader - append jar to classpath:file:/opt/stf/service/weixin/lib/httpclient-1.0.jar
[10-26 17:52:33 459 INFO ] [main] scheduler.core.GlobalClassLoader - append jar to classpath:file:/opt/stf/service/weixin/lib/activemq-core-5.7.0.jar
[10-26 17:52:33 460 INFO ] [main] scheduler.bootstrap.Main - -------------------------end-------------------------

[10-26 17:52:33 461 INFO ] [main] scheduler.bootstrap.Main - -----------------Check the necessary files ------------------
[10-26 17:52:33 466 INFO ] [main] scheduler.bootstrap.Main - quartzconfigfile=/opt/stf/bin/../service/weixin/config/sch_config.properties
[10-26 17:52:33 487 INFO ] [main] scheduler.scheduler.DefaultQuartzProperties - quarzt properties:org.quartz.threadPool.threadsInheritContextClassLoaderOfInitializingThread  value:true
[10-26 17:52:33 488 INFO ] [main] scheduler.scheduler.DefaultQuartzProperties - quarzt properties:org.quartz.scheduler.rmi.proxy  value:false
[10-26 17:52:33 488 INFO ] [main] scheduler.scheduler.DefaultQuartzProperties - quarzt properties:org.quartz.scheduler.rmi.export  value:false
[10-26 17:52:33 489 INFO ] [main] scheduler.scheduler.DefaultQuartzProperties - quarzt properties:org.quartz.dataSource.myDS.connectionProvider.class  value:cn.hofan.spat.scheduler.dao.ConnnectionProviderImpl
[10-26 17:52:33 489 INFO ] [main] scheduler.scheduler.DefaultQuartzProperties - quarzt properties:org.quartz.threadPool.threadCount  value:10
[10-26 17:52:33 490 INFO ] [main] scheduler.scheduler.DefaultQuartzProperties - quarzt properties:org.quartz.scheduler.instanceName  value:weixin
[10-26 17:52:33 490 INFO ] [main] scheduler.scheduler.DefaultQuartzProperties - quarzt properties:org.quartz.scheduler.wrapJobExecutionInUserTransaction  value:false
[10-26 17:52:33 491 INFO ] [main] scheduler.scheduler.DefaultQuartzProperties - quarzt properties:org.quartz.threadPool.class  value:org.quartz.simpl.SimpleThreadPool
[10-26 17:52:33 491 INFO ] [main] scheduler.scheduler.DefaultQuartzProperties - quarzt properties:org.quartz.jobStore.class  value:org.quartz.simpl.RAMJobStore
[10-26 17:52:33 492 INFO ] [main] scheduler.scheduler.DefaultQuartzProperties - quarzt properties:org.quartz.scheduler.instanceId  value:TimingJob1445853153486
[10-26 17:52:33 492 INFO ] [main] scheduler.scheduler.DefaultQuartzProperties - quarzt properties:org.quartz.threadPool.threadPriority  value:5
[10-26 17:52:33 508 INFO ] [main] scheduler.bootstrap.Main - -----------------Check the necessary end ------------------
[10-26 17:52:33 509 INFO ] [main] scheduler.bootstrap.Main - -----------------start scheduler ------------------
[10-26 17:52:33 510 INFO ] [main] scheduler.bootstrap.Main - jobdetail class=cn.hofan.provider.TimingJob
[10-26 17:52:34 061 INFO ] [main] scheduler.scheduler.JobDetailFactory - -----------create jobdetail success------------
[10-26 17:52:34 068 INFO ] [main] scheduler.scheduler.TriggerFactory - ---------------------tigger type=CronTrigger
[10-26 17:52:34 084 INFO ] [main] scheduler.scheduler.TriggerFactory - ---------------------create CronTrigger success
[10-26 17:52:34 084 INFO ] [main] scheduler.bootstrap.Main - jobdetaillistener------null--------
[10-26 17:52:34 089 INFO ] [main] scheduler.scheduler.JobScheduler - -----------------------------init scheduler ------------------------------------
[10-26 17:52:34 208 INFO ] [main] quartz.simpl.SimpleThreadPool - Job execution threads will use class loader of thread: main
[10-26 17:52:34 282 INFO ] [main] quartz.core.QuartzScheduler - Quartz Scheduler v.1.6.0 created.
[10-26 17:52:34 286 INFO ] [main] quartz.simpl.RAMJobStore - RAMJobStore initialized.
[10-26 17:52:34 288 INFO ] [main] quartz.impl.StdSchedulerFactory - Quartz scheduler 'weixin' initialized from an externally provided properties instance.
[10-26 17:52:34 290 INFO ] [main] quartz.impl.StdSchedulerFactory - Quartz scheduler version: 1.6.0
[10-26 17:52:34 335 INFO ] [main] quartz.core.QuartzScheduler - Scheduler weixin_$_TimingJob1445853153486 started.
[10-26 17:52:34 335 INFO ] [main] scheduler.bootstrap.Main - -----------------start scheduler success ------------------
[10-26 18:01:00 038 INFO ] [weixin_Worker-1] hofan.provider.TimingJob - ------开始执行定时器的一次心跳： 2015-10-26 18:01:00------
[10-26 18:01:00 119 INFO ] [weixin_Worker-1] hofan.provider.TimingJob - 当前时间点无可执行的作业： 2015-10-26 18:01:00
[10-26 19:01:00 029 INFO ] [weixin_Worker-2] hofan.provider.TimingJob - ------开始执行定时器的一次心跳： 2015-10-26 19:01:00------
[10-26 19:01:00 037 INFO ] [weixin_Worker-2] hofan.provider.TimingJob - 当前时间点无可执行的作业： 2015-10-26 19:01:00
[10-26 20:01:00 024 INFO ] [weixin_Worker-3] hofan.provider.TimingJob - ------开始执行定时器的一次心跳： 2015-10-26 20:01:00------
[10-26 20:01:00 033 INFO ] [weixin_Worker-3] hofan.provider.TimingJob - 当前时间点无可执行的作业： 2015-10-26 20:01:00
[10-26 21:01:00 026 INFO ] [weixin_Worker-4] hofan.provider.TimingJob - ------开始执行定时器的一次心跳： 2015-10-26 21:01:00------
[10-26 21:01:00 027 INFO ] [weixin_Worker-4] hofan.provider.TimingJob - 当前时间点无可执行的作业： 2015-10-26 21:01:00
[10-26 22:01:00 022 INFO ] [weixin_Worker-5] hofan.provider.TimingJob - ------开始执行定时器的一次心跳： 2015-10-26 22:01:00------
[10-26 22:01:00 023 INFO ] [weixin_Worker-5] hofan.provider.TimingJob - 当前时间点无可执行的作业： 2015-10-26 22:01:00
[10-26 23:01:00 020 INFO ] [weixin_Worker-6] hofan.provider.TimingJob - ------开始执行定时器的一次心跳： 2015-10-26 23:01:00------
[10-26 23:01:00 030 INFO ] [weixin_Worker-6] hofan.provider.TimingJob - 当前时间点无可执行的作业： 2015-10-26 23:01:00
